#
# There is insufficient memory for the Java Runtime Environment to continue.
# Native memory allocation (malloc) failed to allocate 1114656 bytes for Chunk::new
# Possible reasons:
#   The system is out of physical RAM or swap space
#   The process is running with CompressedOops enabled, and the Java Heap may be blocking the growth of the native heap
# Possible solutions:
#   Reduce memory load on the system
#   Increase physical memory or swap space
#   Check if swap backing store is full
#   Decrease Java heap size (-Xmx/-Xms)
#   Decrease number of Java threads
#   Decrease Java thread stack sizes (-Xss)
#   Set larger code cache with -XX:ReservedCodeCacheSize=
#   JVM is running with Unscaled Compressed Oops mode in which the Java heap is
#     placed in the first 4GB address space. The Java Heap base address is the
#     maximum limit for the native heap growth. Please use -XX:HeapBaseMinAddress
#     to set the Java Heap base and to place the Java Heap above 4GB virtual address.
# This output file may be truncated or incomplete.
#
#  Out of Memory Error (allocation.cpp:389), pid=10064, tid=0x0000000000000408
#
# JRE version: OpenJDK Runtime Environment (8.0_242-b01) (build 1.8.0_242-release-1644-b01)
# Java VM: OpenJDK 64-Bit Server VM (25.242-b01 mixed mode windows-amd64 compressed oops)
# Failed to write core dump. Minidumps are not enabled by default on client versions of Windows
#

---------------  T H R E A D  ---------------

Current thread (0x0000000016f7c000):  JavaThread "C2 CompilerThread1" daemon [_thread_in_native, id=1032, stack(0x0000000019740000,0x0000000019840000)]

Stack: [0x0000000019740000,0x0000000019840000]
[error occurred during error reporting (printing stack bounds), id 0xc0000005]

Native frames: (J=compiled Java code, j=interpreted, Vv=VM code, C=native code)


Current CompileTask:
C2:   9831 1368       4       java.net.URLClassLoader$1::run (5 bytes)


---------------  P R O C E S S  ---------------

Java Threads: ( => current thread )
  0x000000001a535800 JavaThread "Cache worker for journal cache (C:\Users\Marcello\.gradle\caches\journal-1)" [_thread_blocked, id=14196, stack(0x000000001c990000,0x000000001ca90000)]
  0x000000001a537800 JavaThread "File lock request listener" [_thread_in_native, id=15480, stack(0x000000001c890000,0x000000001c990000)]
  0x000000001b0e4000 JavaThread "Cache worker for file hash cache (C:\Users\Marcello\.gradle\caches\5.6.2\fileHashes)" [_thread_blocked, id=17160, stack(0x000000001c790000,0x000000001c890000)]
  0x000000001a92e000 JavaThread "Thread-9" [_thread_blocked, id=17548, stack(0x000000001c690000,0x000000001c790000)]
  0x000000001a92d000 JavaThread "Stdin handler" [_thread_blocked, id=8264, stack(0x000000001c590000,0x000000001c690000)]
  0x000000001a45e800 JavaThread "Asynchronous log dispatcher for DefaultDaemonConnection: socket connection from /127.0.0.1:57643 to /127.0.0.1:57644" [_thread_blocked, id=12460, stack(0x000000001c390000,0x000000001c490000)]
  0x000000001a8c9800 JavaThread "Daemon worker" [_thread_in_native, id=6892, stack(0x000000001c290000,0x000000001c390000)]
  0x000000001a8c9000 JavaThread "Cancel handler" [_thread_blocked, id=12212, stack(0x000000001c190000,0x000000001c290000)]
  0x000000001a8c6000 JavaThread "Handler for socket connection from /127.0.0.1:57643 to /127.0.0.1:57644" [_thread_in_native, id=6340, stack(0x000000001be90000,0x000000001bf90000)]
  0x000000001a9ec000 JavaThread "Daemon" [_thread_blocked, id=5028, stack(0x000000001bd90000,0x000000001be90000)]
  0x000000001a86a000 JavaThread "Daemon periodic checks" [_thread_blocked, id=6628, stack(0x000000001bc90000,0x000000001bd90000)]
  0x0000000018fa9000 JavaThread "Incoming local TCP Connector on port 57643" [_thread_in_native, id=6620, stack(0x000000001ba50000,0x000000001bb50000)]
  0x0000000018db3000 JavaThread "Daemon health stats" [_thread_blocked, id=14364, stack(0x000000001b410000,0x000000001b510000)]
  0x0000000018e0a800 JavaThread "Service Thread" daemon [_thread_blocked, id=13228, stack(0x0000000019a40000,0x0000000019b40000)]
  0x0000000018d86800 JavaThread "C1 CompilerThread3" daemon [_thread_blocked, id=18192, stack(0x0000000019940000,0x0000000019a40000)]
  0x0000000018d81000 JavaThread "C2 CompilerThread2" daemon [_thread_blocked, id=15308, stack(0x0000000019840000,0x0000000019940000)]
=>0x0000000016f7c000 JavaThread "C2 CompilerThread1" daemon [_thread_in_native, id=1032, stack(0x0000000019740000,0x0000000019840000)]
  0x0000000016f7a000 JavaThread "C2 CompilerThread0" daemon [_thread_blocked, id=11556, stack(0x0000000019640000,0x0000000019740000)]
  0x0000000018d7a000 JavaThread "Attach Listener" daemon [_thread_blocked, id=7216, stack(0x0000000019540000,0x0000000019640000)]
  0x0000000018d78000 JavaThread "Signal Dispatcher" daemon [_thread_blocked, id=16484, stack(0x0000000019440000,0x0000000019540000)]
  0x0000000018d61000 JavaThread "Finalizer" daemon [_thread_blocked, id=16432, stack(0x0000000019240000,0x0000000019340000)]
  0x0000000018d60800 JavaThread "Reference Handler" daemon [_thread_blocked, id=14088, stack(0x0000000019140000,0x0000000019240000)]
  0x00000000030b3800 JavaThread "main" [_thread_blocked, id=11992, stack(0x0000000002f30000,0x0000000003030000)]

Other Threads:
  0x0000000016f66000 VMThread [stack: 0x0000000018c40000,0x0000000018d40000] [id=12984]
  0x0000000018db5000 WatcherThread [stack: 0x0000000019b40000,0x0000000019c40000] [id=3312]

VM state:not at safepoint (normal execution)

VM Mutex/Monitor currently owned by a thread: None

heap address: 0x00000000a0000000, size: 1536 MB, Compressed Oops mode: 32-bit
Narrow klass base: 0x0000000000000000, Narrow klass shift: 3
Compressed class space size: 1073741824 Address: 0x0000000100000000

Heap:
 PSYoungGen      total 57344K, used 40980K [0x00000000e0000000, 0x00000000e7000000, 0x0000000100000000)
  eden space 49152K, 70% used [0x00000000e0000000,0x00000000e21acab0,0x00000000e3000000)
  from space 8192K, 79% used [0x00000000e3800000,0x00000000e3e58760,0x00000000e4000000)
  to   space 8192K, 0% used [0x00000000e3000000,0x00000000e3000000,0x00000000e3800000)
 ParOldGen       total 131072K, used 16K [0x00000000a0000000, 0x00000000a8000000, 0x00000000e0000000)
  object space 131072K, 0% used [0x00000000a0000000,0x00000000a0004000,0x00000000a8000000)
 Metaspace       used 14222K, capacity 14554K, committed 14976K, reserved 1062912K
  class space    used 1982K, capacity 2129K, committed 2176K, reserved 1048576K

Card table byte_map: [0x0000000012570000,0x0000000012880000] byte_map_base: 0x0000000012070000

Marking Bits: (ParMarkBitMap*) 0x000000006d27f030
 Begin Bits: [0x0000000013280000, 0x0000000014a80000)
 End Bits:   [0x0000000014a80000, 0x0000000016280000)

Polling page: 0x00000000016a0000

CodeCache: size=245760Kb used=4860Kb max_used=4925Kb free=240899Kb
 bounds [0x00000000031b0000, 0x0000000003690000, 0x00000000121b0000]
 total_blobs=1724 nmethods=1344 adapters=293
 compilation: enabled

Compilation events (10 events):
Event: 9.798 Thread 0x0000000018d86800 1393       3       org.gradle.internal.service.DefaultServiceMethodFactory::toServiceMethod (11 bytes)
Event: 9.798 Thread 0x0000000018d86800 nmethod 1393 0x0000000003370750 code [0x00000000033708c0, 0x0000000003370ae8]
Event: 9.798 Thread 0x0000000018d86800 1397       1       org.gradle.internal.service.AbstractServiceMethod::getParameterTypes (5 bytes)
Event: 9.799 Thread 0x0000000018d86800 nmethod 1397 0x00000000032b1b50 code [0x00000000032b1ca0, 0x00000000032b1db0]
Event: 9.799 Thread 0x0000000018d86800 1394   !   3       org.gradle.internal.service.MethodHandleBasedServiceMethodFactory::toServiceMethod (51 bytes)
Event: 9.799 Thread 0x0000000018d86800 nmethod 1394 0x00000000032cef50 code [0x00000000032cf1e0, 0x00000000032d03c8]
Event: 9.799 Thread 0x0000000018d86800 1395       3       java.lang.reflect.Method::getGenericParameterTypes (5 bytes)
Event: 9.800 Thread 0x0000000018d86800 nmethod 1395 0x000000000331c250 code [0x000000000331c480, 0x000000000331d1e8]
Event: 9.800 Thread 0x0000000018d86800 1396       3       java.lang.reflect.Executable::getGenericParameterTypes (20 bytes)
Event: 9.800 Thread 0x0000000018d86800 nmethod 1396 0x0000000003315410 code [0x00000000033155a0, 0x0000000003315a18]

GC Heap History (4 events):
Event: 3.453 GC heap before
{Heap before GC invocations=1 (full 0):
 PSYoungGen      total 57344K, used 49152K [0x00000000e0000000, 0x00000000e4000000, 0x0000000100000000)
  eden space 49152K, 100% used [0x00000000e0000000,0x00000000e3000000,0x00000000e3000000)
  from space 8192K, 0% used [0x00000000e3800000,0x00000000e3800000,0x00000000e4000000)
  to   space 8192K, 0% used [0x00000000e3000000,0x00000000e3000000,0x00000000e3800000)
 ParOldGen       total 131072K, used 0K [0x00000000a0000000, 0x00000000a8000000, 0x00000000e0000000)
  object space 131072K, 0% used [0x00000000a0000000,0x00000000a0000000,0x00000000a8000000)
 Metaspace       used 6829K, capacity 7056K, committed 7424K, reserved 1056768K
  class space    used 828K, capacity 908K, committed 1024K, reserved 1048576K
Event: 3.467 GC heap after
Heap after GC invocations=1 (full 0):
 PSYoungGen      total 57344K, used 4508K [0x00000000e0000000, 0x00000000e4000000, 0x0000000100000000)
  eden space 49152K, 0% used [0x00000000e0000000,0x00000000e0000000,0x00000000e3000000)
  from space 8192K, 55% used [0x00000000e3000000,0x00000000e3467248,0x00000000e3800000)
  to   space 8192K, 0% used [0x00000000e3800000,0x00000000e3800000,0x00000000e4000000)
 ParOldGen       total 131072K, used 8K [0x00000000a0000000, 0x00000000a8000000, 0x00000000e0000000)
  object space 131072K, 0% used [0x00000000a0000000,0x00000000a0002000,0x00000000a8000000)
 Metaspace       used 6829K, capacity 7056K, committed 7424K, reserved 1056768K
  class space    used 828K, capacity 908K, committed 1024K, reserved 1048576K
}
Event: 7.820 GC heap before
{Heap before GC invocations=2 (full 0):
 PSYoungGen      total 57344K, used 53660K [0x00000000e0000000, 0x00000000e4000000, 0x0000000100000000)
  eden space 49152K, 100% used [0x00000000e0000000,0x00000000e3000000,0x00000000e3000000)
  from space 8192K, 55% used [0x00000000e3000000,0x00000000e3467248,0x00000000e3800000)
  to   space 8192K, 0% used [0x00000000e3800000,0x00000000e3800000,0x00000000e4000000)
 ParOldGen       total 131072K, used 8K [0x00000000a0000000, 0x00000000a8000000, 0x00000000e0000000)
  object space 131072K, 0% used [0x00000000a0000000,0x00000000a0002000,0x00000000a8000000)
 Metaspace       used 11692K, capacity 11930K, committed 12160K, reserved 1060864K
  class space    used 1551K, capacity 1657K, committed 1664K, reserved 1048576K
Event: 8.394 GC heap after
Heap after GC invocations=2 (full 0):
 PSYoungGen      total 57344K, used 6497K [0x00000000e0000000, 0x00000000e7000000, 0x0000000100000000)
  eden space 49152K, 0% used [0x00000000e0000000,0x00000000e0000000,0x00000000e3000000)
  from space 8192K, 79% used [0x00000000e3800000,0x00000000e3e58760,0x00000000e4000000)
  to   space 8192K, 0% used [0x00000000e3000000,0x00000000e3000000,0x00000000e3800000)
 ParOldGen       total 131072K, used 16K [0x00000000a0000000, 0x00000000a8000000, 0x00000000e0000000)
  object space 131072K, 0% used [0x00000000a0000000,0x00000000a0004000,0x00000000a8000000)
 Metaspace       used 11692K, capacity 11930K, committed 12160K, reserved 1060864K
  class space    used 1551K, capacity 1657K, committed 1664K, reserved 1048576K
}

Deoptimization events (10 events):
Event: 7.032 Thread 0x00000000030b3800 Uncommon trap: reason=unstable_if action=reinterpret pc=0x0000000003445a50 method=java.util.HashMap.getNode(ILjava/lang/Object;)Ljava/util/HashMap$Node; @ 129
Event: 7.032 Thread 0x00000000030b3800 Uncommon trap: reason=bimorphic action=maybe_recompile pc=0x0000000003439a64 method=java.util.HashMap.putVal(ILjava/lang/Object;Ljava/lang/Object;ZZ)Ljava/lang/Object; @ 203
Event: 7.243 Thread 0x00000000030b3800 Uncommon trap: reason=unstable_if action=reinterpret pc=0x000000000344dd48 method=java.io.WinNTFileSystem.normalize(Ljava/lang/String;)Ljava/lang/String; @ 128
Event: 7.564 Thread 0x000000001a8c9800 Uncommon trap: reason=bimorphic action=maybe_recompile pc=0x000000000343861c method=java.util.HashMap.putVal(ILjava/lang/Object;Ljava/lang/Object;ZZ)Ljava/lang/Object; @ 253
Event: 7.564 Thread 0x000000001a8c9800 Uncommon trap: reason=bimorphic action=maybe_recompile pc=0x000000000343861c method=java.util.HashMap.putVal(ILjava/lang/Object;Ljava/lang/Object;ZZ)Ljava/lang/Object; @ 253
Event: 7.565 Thread 0x000000001a8c9800 Uncommon trap: reason=bimorphic action=maybe_recompile pc=0x000000000343861c method=java.util.HashMap.putVal(ILjava/lang/Object;Ljava/lang/Object;ZZ)Ljava/lang/Object; @ 253
Event: 9.322 Thread 0x000000001a8c9800 Uncommon trap: reason=class_check action=maybe_recompile pc=0x000000000348a5d8 method=java.util.regex.Matcher.match(II)Z @ 86
Event: 9.517 Thread 0x000000001a8c9800 Uncommon trap: reason=class_check action=maybe_recompile pc=0x000000000348a5d8 method=java.util.regex.Matcher.match(II)Z @ 86
Event: 9.517 Thread 0x000000001a8c9800 Uncommon trap: reason=class_check action=maybe_recompile pc=0x000000000348a5d8 method=java.util.regex.Matcher.match(II)Z @ 86
Event: 9.517 Thread 0x000000001a8c9800 Uncommon trap: reason=class_check action=maybe_recompile pc=0x000000000332231c method=java.util.regex.Matcher.match(II)Z @ 86

Classes redefined (0 events):
No events

Internal exceptions (10 events):
Event: 0.767 Thread 0x00000000030b3800 Exception <a 'java/lang/ArrayIndexOutOfBoundsException'> (0x00000000e1387fa0) thrown at [C:\src\AOSP-openjdk-git\hotspot\src\share\vm\runtime\sharedRuntime.cpp, line 605]
Event: 0.769 Thread 0x00000000030b3800 Exception <a 'java/lang/ArrayIndexOutOfBoundsException'> (0x00000000e13a7de8) thrown at [C:\src\AOSP-openjdk-git\hotspot\src\share\vm\runtime\sharedRuntime.cpp, line 605]
Event: 0.770 Thread 0x00000000030b3800 Exception <a 'java/lang/ArrayIndexOutOfBoundsException'> (0x00000000e13b2588) thrown at [C:\src\AOSP-openjdk-git\hotspot\src\share\vm\runtime\sharedRuntime.cpp, line 605]
Event: 0.770 Thread 0x00000000030b3800 Exception <a 'java/lang/ArrayIndexOutOfBoundsException'> (0x00000000e13b4390) thrown at [C:\src\AOSP-openjdk-git\hotspot\src\share\vm\runtime\sharedRuntime.cpp, line 605]
Event: 0.770 Thread 0x00000000030b3800 Exception <a 'java/lang/ArrayIndexOutOfBoundsException'> (0x00000000e13b6270) thrown at [C:\src\AOSP-openjdk-git\hotspot\src\share\vm\runtime\sharedRuntime.cpp, line 605]
Event: 0.770 Thread 0x00000000030b3800 Exception <a 'java/lang/ArrayIndexOutOfBoundsException'> (0x00000000e13c4678) thrown at [C:\src\AOSP-openjdk-git\hotspot\src\share\vm\runtime\sharedRuntime.cpp, line 605]
Event: 0.770 Thread 0x00000000030b3800 Exception <a 'java/lang/ArrayIndexOutOfBoundsException'> (0x00000000e13d22f0) thrown at [C:\src\AOSP-openjdk-git\hotspot\src\share\vm\runtime\sharedRuntime.cpp, line 605]
Event: 7.017 Thread 0x00000000030b3800 Exception <a 'java/lang/NoSuchFieldError': method resolution failed> (0x00000000e22996d0) thrown at [C:\src\AOSP-openjdk-git\hotspot\src\share\vm\prims\methodHandles.cpp, line 1167]
Event: 7.019 Thread 0x00000000030b3800 Exception <a 'java/lang/NoSuchFieldError': method resolution failed> (0x00000000e22a73d0) thrown at [C:\src\AOSP-openjdk-git\hotspot\src\share\vm\prims\methodHandles.cpp, line 1167]
Event: 7.512 Thread 0x00000000030b3800 Exception <a 'java/io/IOException'> (0x00000000e2acb5e8) thrown at [C:\src\AOSP-openjdk-git\hotspot\src\share\vm\prims\jni.cpp, line 710]

Events (10 events):
Event: 9.802 loading class org/gradle/api/publication/maven/internal/VersionRangeMapper
Event: 9.802 loading class org/gradle/api/publication/maven/internal/VersionRangeMapper done
Event: 9.802 loading class org/gradle/api/publication/maven/internal/MavenFactory
Event: 9.802 loading class org/gradle/api/publication/maven/internal/MavenFactory done
Event: 9.802 loading class org/gradle/api/publish/internal/validation/DuplicatePublicationTracker
Event: 9.802 loading class org/gradle/api/publish/internal/validation/DuplicatePublicationTracker done
Event: 9.803 Executing VM operation: RevokeBias
Event: 9.803 Executing VM operation: RevokeBias done
Event: 9.803 loading class org/gradle/api/publish/maven/internal/publisher/MavenDuplicatePublicationTracker
Event: 9.803 loading class org/gradle/api/publish/maven/internal/publisher/MavenDuplicatePublicationTracker done


Dynamic libraries:
0x00007ff668850000 - 0x00007ff668881000 	C:\Program Files\Android\Android Studio\jre\bin\java.exe
0x00007fff5d180000 - 0x00007fff5d370000 	C:\WINDOWS\SYSTEM32\ntdll.dll
0x00007fff5ba00000 - 0x00007fff5bab2000 	C:\WINDOWS\System32\KERNEL32.DLL
0x00007fff5aca0000 - 0x00007fff5af44000 	C:\WINDOWS\System32\KERNELBASE.dll
0x00007fff5bac0000 - 0x00007fff5bb63000 	C:\WINDOWS\System32\ADVAPI32.dll
0x00007fff5c290000 - 0x00007fff5c32e000 	C:\WINDOWS\System32\msvcrt.dll
0x00007fff5d070000 - 0x00007fff5d107000 	C:\WINDOWS\System32\sechost.dll
0x00007fff5bb70000 - 0x00007fff5bc90000 	C:\WINDOWS\System32\RPCRT4.dll
0x00007fff5bc90000 - 0x00007fff5be24000 	C:\WINDOWS\System32\USER32.dll
0x00007fff5ac70000 - 0x00007fff5ac91000 	C:\WINDOWS\System32\win32u.dll
0x00007fff5c1d0000 - 0x00007fff5c1f6000 	C:\WINDOWS\System32\GDI32.dll
0x00007fff5a130000 - 0x00007fff5a2c5000 	C:\WINDOWS\System32\gdi32full.dll
0x00007fff5a350000 - 0x00007fff5a3ee000 	C:\WINDOWS\System32\msvcp_win.dll
0x00007fff5af80000 - 0x00007fff5b07a000 	C:\WINDOWS\System32\ucrtbase.dll
0x00007fff4d060000 - 0x00007fff4d2e4000 	C:\WINDOWS\WinSxS\amd64_microsoft.windows.common-controls_6595b64144ccf1df_6.0.18362.900_none_e6beb9d913147d17\COMCTL32.dll
0x00007fff5c3b0000 - 0x00007fff5c6e5000 	C:\WINDOWS\System32\combase.dll
0x00007fff5a2d0000 - 0x00007fff5a350000 	C:\WINDOWS\System32\bcryptPrimitives.dll
0x00007fff5d110000 - 0x00007fff5d13e000 	C:\WINDOWS\System32\IMM32.DLL
0x000000006c8f0000 - 0x000000006c9c2000 	C:\Program Files\Android\Android Studio\jre\jre\bin\msvcr100.dll
0x000000006cab0000 - 0x000000006d2fb000 	C:\Program Files\Android\Android Studio\jre\jre\bin\server\jvm.dll
0x00007fff5c220000 - 0x00007fff5c228000 	C:\WINDOWS\System32\PSAPI.DLL
0x00007fff45e70000 - 0x00007fff45e79000 	C:\WINDOWS\SYSTEM32\WSOCK32.dll
0x00007fff55fe0000 - 0x00007fff55fea000 	C:\WINDOWS\SYSTEM32\VERSION.dll
0x00007fff570f0000 - 0x00007fff57114000 	C:\WINDOWS\SYSTEM32\WINMM.dll
0x00007fff5bea0000 - 0x00007fff5bf0f000 	C:\WINDOWS\System32\WS2_32.dll
0x00007fff570c0000 - 0x00007fff570ed000 	C:\WINDOWS\SYSTEM32\WINMMBASE.dll
0x00007fff5ab70000 - 0x00007fff5abba000 	C:\WINDOWS\System32\cfgmgr32.dll
0x00007fff525a0000 - 0x00007fff525af000 	C:\Program Files\Android\Android Studio\jre\jre\bin\verify.dll
0x00007fff47510000 - 0x00007fff47539000 	C:\Program Files\Android\Android Studio\jre\jre\bin\java.dll
0x00007fff4d830000 - 0x00007fff4d846000 	C:\Program Files\Android\Android Studio\jre\jre\bin\zip.dll
0x00007fff5c980000 - 0x00007fff5d066000 	C:\WINDOWS\System32\SHELL32.dll
0x00007fff5c120000 - 0x00007fff5c1c9000 	C:\WINDOWS\System32\shcore.dll
0x00007fff5a3f0000 - 0x00007fff5ab70000 	C:\WINDOWS\System32\windows.storage.dll
0x00007fff5a0c0000 - 0x00007fff5a0e3000 	C:\WINDOWS\System32\profapi.dll
0x00007fff5a070000 - 0x00007fff5a0ba000 	C:\WINDOWS\System32\powrprof.dll
0x00007fff5a040000 - 0x00007fff5a050000 	C:\WINDOWS\System32\UMPDC.dll
0x00007fff5c230000 - 0x00007fff5c282000 	C:\WINDOWS\System32\shlwapi.dll
0x00007fff5a050000 - 0x00007fff5a061000 	C:\WINDOWS\System32\kernel.appcore.dll
0x00007fff5a110000 - 0x00007fff5a127000 	C:\WINDOWS\System32\cryptsp.dll
0x00007fff48160000 - 0x00007fff4817a000 	C:\Program Files\Android\Android Studio\jre\jre\bin\net.dll
0x00007fff598b0000 - 0x00007fff59917000 	C:\WINDOWS\system32\mswsock.dll
0x00007fff47ea0000 - 0x00007fff47eb3000 	C:\Program Files\Android\Android Studio\jre\jre\bin\nio.dll
0x00007fff571b0000 - 0x00007fff571d6000 	C:\Users\Marcello\.gradle\native\30\windows-amd64\native-platform.dll
0x00007fff53fc0000 - 0x00007fff53fcd000 	C:\Program Files\Android\Android Studio\jre\jre\bin\management.dll
0x00007fff59420000 - 0x00007fff59453000 	C:\WINDOWS\system32\rsaenh.dll
0x00007fff5af50000 - 0x00007fff5af76000 	C:\WINDOWS\System32\bcrypt.dll
0x00007fff59f30000 - 0x00007fff59f55000 	C:\WINDOWS\SYSTEM32\USERENV.dll
0x00007fff59a80000 - 0x00007fff59a8c000 	C:\WINDOWS\SYSTEM32\CRYPTBASE.dll
0x00007fff595c0000 - 0x00007fff595fa000 	C:\WINDOWS\SYSTEM32\IPHLPAPI.DLL
0x00007fff5b3d0000 - 0x00007fff5b3d8000 	C:\WINDOWS\System32\NSI.dll
0x00007fff54bb0000 - 0x00007fff54bc6000 	C:\WINDOWS\SYSTEM32\dhcpcsvc6.DLL
0x00007fff54dc0000 - 0x00007fff54ddc000 	C:\WINDOWS\SYSTEM32\dhcpcsvc.DLL
0x00007fff59600000 - 0x00007fff596cb000 	C:\WINDOWS\SYSTEM32\DNSAPI.dll

VM Arguments:
jvm_args: -Xmx1536M -Dfile.encoding=windows-1252 -Duser.country=US -Duser.language=en -Duser.variant 
java_command: org.gradle.launcher.daemon.bootstrap.GradleDaemon 5.6.2
java_class_path (initial): C:\Users\Marcello\.gradle\wrapper\dists\gradle-5.6.2-all\9st6wgf78h16so49nn74lgtbb\gradle-5.6.2\lib\gradle-launcher-5.6.2.jar
Launcher Type: SUN_STANDARD

Environment Variables:
JAVA_HOME=C:\Program Files\Android\Android Studio\jre
CLASSPATH=C:\Users\Marcello\Desktop\softwareproject\study-habit-tracker\android\\gradle\wrapper\gradle-wrapper.jar
USERNAME=Marcello
OS=Windows_NT
PROCESSOR_IDENTIFIER=Intel64 Family 6 Model 142 Stepping 10, GenuineIntel



---------------  S Y S T E M  ---------------

OS: Windows 10.0 , 64 bit Build 18362 (10.0.18362.900)

CPU:total 8 (initial active 8) (4 cores per cpu, 2 threads per core) family 6 model 142 stepping 10, cmov, cx8, fxsr, mmx, sse, sse2, sse3, ssse3, sse4.1, sse4.2, popcnt, avx, avx2, aes, clmul, erms, 3dnowpref, lzcnt, ht, tsc, tscinvbit, bmi1, bmi2, adx

Memory: 4k page, physical 12462668k(3320332k free), swap 13889100k(5876k free)

vm_info: OpenJDK 64-Bit Server VM (25.242-b01) for windows-amd64 JRE (1.8.0_242-release-1644-b01), built by "builder" with MS VC++ 10.0 (VS2010)

time: Thu Jul 23 22:58:18 2020
timezone: Central Daylight Time
elapsed time: 9 seconds (0d 0h 0m 9s)

