#
# There is insufficient memory for the Java Runtime Environment to continue.
# Native memory allocation (malloc) failed to allocate 345136 bytes for Chunk::new
# Possible reasons:
#   The system is out of physical RAM or swap space
#   The process is running with CompressedOops enabled, and the Java Heap may be blocking the growth of the native heap
# Possible solutions:
#   Reduce memory load on the system
#   Increase physical memory or swap space
#   Check if swap backing store is full
#   Decrease Java heap size (-Xmx/-Xms)
#   Decrease number of Java threads
#   Decrease Java thread stack sizes (-Xss)
#   Set larger code cache with -XX:ReservedCodeCacheSize=
#   JVM is running with Unscaled Compressed Oops mode in which the Java heap is
#     placed in the first 4GB address space. The Java Heap base address is the
#     maximum limit for the native heap growth. Please use -XX:HeapBaseMinAddress
#     to set the Java Heap base and to place the Java Heap above 4GB virtual address.
# This output file may be truncated or incomplete.
#
#  Out of Memory Error (allocation.cpp:389), pid=7096, tid=0x0000000000002c38
#
# JRE version: OpenJDK Runtime Environment (8.0_242-b01) (build 1.8.0_242-release-1644-b01)
# Java VM: OpenJDK 64-Bit Server VM (25.242-b01 mixed mode windows-amd64 compressed oops)
# Failed to write core dump. Minidumps are not enabled by default on client versions of Windows
#

---------------  T H R E A D  ---------------

Current thread (0x0000000018ad8800):  JavaThread "C2 CompilerThread1" daemon [_thread_in_native, id=11320, stack(0x00000000194a0000,0x00000000195a0000)]

Stack: [0x00000000194a0000,0x00000000195a0000]
[error occurred during error reporting (printing stack bounds), id 0xc0000005]

Native frames: (J=compiled Java code, j=interpreted, Vv=VM code, C=native code)


Current CompileTask:
C2:  62671 7503       4       groovyjarjarasm.asm.Frame::execute (2318 bytes)


---------------  P R O C E S S  ---------------

Java Threads: ( => current thread )
  0x000000001b011000 JavaThread "Cache worker for Build Output Cleanup Cache (C:\Users\Marcello\Desktop\softwareproject\study-habit-tracker\android\.gradle\buildOutputCleanup)" [_thread_blocked, id=3544, stack(0x0000000024700000,0x0000000024800000)]
  0x000000001b010000 JavaThread "Build operations Thread 8" [_thread_blocked, id=9568, stack(0x0000000023f00000,0x0000000024000000)]
  0x000000001b00f800 JavaThread "Build operations Thread 7" [_thread_blocked, id=13888, stack(0x0000000023e00000,0x0000000023f00000)]
  0x000000001b00e000 JavaThread "Build operations Thread 6" [_thread_blocked, id=12700, stack(0x0000000023d00000,0x0000000023e00000)]
  0x000000001b008000 JavaThread "Build operations Thread 5" [_thread_blocked, id=9852, stack(0x0000000023c00000,0x0000000023d00000)]
  0x000000001b00e800 JavaThread "Build operations Thread 4" [_thread_blocked, id=14660, stack(0x0000000023b00000,0x0000000023c00000)]
  0x000000001b00d000 JavaThread "Build operations Thread 3" [_thread_blocked, id=6452, stack(0x0000000023a00000,0x0000000023b00000)]
  0x000000001b005800 JavaThread "Build operations Thread 2" [_thread_blocked, id=8940, stack(0x0000000023900000,0x0000000023a00000)]
  0x000000001b00c800 JavaThread "Build operations" [_thread_blocked, id=7284, stack(0x0000000023800000,0x0000000023900000)]
  0x000000001b00b800 JavaThread "Cache worker for execution history cache (C:\Users\Marcello\.gradle\caches\5.6.2\executionHistory)" [_thread_blocked, id=6724, stack(0x0000000022d40000,0x0000000022e40000)]
  0x000000001b006800 JavaThread "Cache worker for cache directory md-rule (C:\Users\Marcello\.gradle\caches\5.6.2\md-rule)" [_thread_blocked, id=7764, stack(0x0000000022c40000,0x0000000022d40000)]
  0x000000001b004000 JavaThread "Cache worker for cache directory md-supplier (C:\Users\Marcello\.gradle\caches\5.6.2\md-supplier)" [_thread_blocked, id=964, stack(0x0000000022b40000,0x0000000022c40000)]
  0x000000001b009800 JavaThread "Cache worker for file hash cache (C:\Users\Marcello\Desktop\softwareproject\study-habit-tracker\android\.gradle\5.6.2\fileHashes)" [_thread_blocked, id=9616, stack(0x00000000200a0000,0x00000000201a0000)]
  0x000000001b008800 JavaThread "Cache worker for journal cache (C:\Users\Marcello\.gradle\caches\journal-1)" [_thread_blocked, id=13368, stack(0x000000001c6f0000,0x000000001c7f0000)]
  0x000000001a7c2800 JavaThread "File lock request listener" [_thread_in_native, id=1408, stack(0x000000001c5f0000,0x000000001c6f0000)]
  0x000000001a7c1000 JavaThread "Cache worker for file hash cache (C:\Users\Marcello\.gradle\caches\5.6.2\fileHashes)" [_thread_blocked, id=15900, stack(0x000000001c4f0000,0x000000001c5f0000)]
  0x000000001a7c2000 JavaThread "Thread-9" [_thread_blocked, id=9460, stack(0x000000001c3f0000,0x000000001c4f0000)]
  0x000000001a7c0800 JavaThread "Stdin handler" [_thread_blocked, id=9772, stack(0x000000001c2f0000,0x000000001c3f0000)]
  0x000000001a7c3800 JavaThread "Asynchronous log dispatcher for DefaultDaemonConnection: socket connection from /127.0.0.1:50390 to /127.0.0.1:50392" [_thread_blocked, id=1528, stack(0x000000001c0f0000,0x000000001c1f0000)]
  0x0000000018b12800 JavaThread "Daemon worker" [_thread_in_vm, id=16128, stack(0x000000001bff0000,0x000000001c0f0000)]
  0x0000000018b11000 JavaThread "Cancel handler" [_thread_blocked, id=14288, stack(0x000000001bcf0000,0x000000001bdf0000)]
  0x000000001a9ff800 JavaThread "Handler for socket connection from /127.0.0.1:50390 to /127.0.0.1:50392" [_thread_in_native, id=3064, stack(0x000000001bbf0000,0x000000001bcf0000)]
  0x000000001a9f9800 JavaThread "Daemon" [_thread_blocked, id=16136, stack(0x000000001baf0000,0x000000001bbf0000)]
  0x000000001a22c800 JavaThread "Daemon periodic checks" [_thread_blocked, id=16140, stack(0x000000001b9f0000,0x000000001baf0000)]
  0x00000000199b7000 JavaThread "Incoming local TCP Connector on port 50390" [_thread_in_native, id=2128, stack(0x000000001b7b0000,0x000000001b8b0000)]
  0x000000001a7c6800 JavaThread "Daemon health stats" [_thread_blocked, id=15548, stack(0x000000001b170000,0x000000001b270000)]
  0x0000000018b6e000 JavaThread "Service Thread" daemon [_thread_blocked, id=15828, stack(0x00000000197a0000,0x00000000198a0000)]
  0x0000000018aee800 JavaThread "C1 CompilerThread3" daemon [_thread_blocked, id=7556, stack(0x00000000196a0000,0x00000000197a0000)]
  0x0000000018ae9800 JavaThread "C2 CompilerThread2" daemon [_thread_in_native, id=11176, stack(0x00000000195a0000,0x00000000196a0000)]
=>0x0000000018ad8800 JavaThread "C2 CompilerThread1" daemon [_thread_in_native, id=11320, stack(0x00000000194a0000,0x00000000195a0000)]
  0x0000000018ad6800 JavaThread "C2 CompilerThread0" daemon [_thread_in_native, id=12548, stack(0x00000000193a0000,0x00000000194a0000)]
  0x0000000018ad4000 JavaThread "Attach Listener" daemon [_thread_blocked, id=5228, stack(0x00000000192a0000,0x00000000193a0000)]
  0x0000000018ad2000 JavaThread "Signal Dispatcher" daemon [_thread_blocked, id=10412, stack(0x00000000191a0000,0x00000000192a0000)]
  0x0000000018ac1000 JavaThread "Finalizer" daemon [_thread_blocked, id=9236, stack(0x0000000018fa0000,0x00000000190a0000)]
  0x0000000016cbc000 JavaThread "Reference Handler" daemon [_thread_blocked, id=15308, stack(0x0000000018ea0000,0x0000000018fa0000)]
  0x0000000002e03800 JavaThread "main" [_thread_blocked, id=6908, stack(0x0000000002c90000,0x0000000002d90000)]

Other Threads:
  0x0000000016cb5800 VMThread [stack: 0x00000000189a0000,0x0000000018aa0000] [id=13756]
  0x0000000018b6f800 WatcherThread [stack: 0x00000000198a0000,0x00000000199a0000] [id=15040]

VM state:not at safepoint (normal execution)

VM Mutex/Monitor currently owned by a thread: None

heap address: 0x00000000a0000000, size: 1536 MB, Compressed Oops mode: 32-bit
Narrow klass base: 0x0000000000000000, Narrow klass shift: 3
Compressed class space size: 1073741824 Address: 0x0000000100000000

Heap:
 PSYoungGen      total 139264K, used 68681K [0x00000000e0000000, 0x00000000ea680000, 0x0000000100000000)
  eden space 124928K, 47% used [0x00000000e0000000,0x00000000e3a33d48,0x00000000e7a00000)
  from space 14336K, 63% used [0x00000000e7a00000,0x00000000e82de6d8,0x00000000e8800000)
  to   space 13824K, 0% used [0x00000000e9900000,0x00000000e9900000,0x00000000ea680000)
 ParOldGen       total 89600K, used 24966K [0x00000000a0000000, 0x00000000a5780000, 0x00000000e0000000)
  object space 89600K, 27% used [0x00000000a0000000,0x00000000a1861858,0x00000000a5780000)
 Metaspace       used 57058K, capacity 58580K, committed 58800K, reserved 1099776K
  class space    used 7297K, capacity 7769K, committed 7856K, reserved 1048576K

Card table byte_map: [0x00000000122c0000,0x00000000125d0000] byte_map_base: 0x0000000011dc0000

Marking Bits: (ParMarkBitMap*) 0x000000006d32f030
 Begin Bits: [0x0000000012fd0000, 0x00000000147d0000)
 End Bits:   [0x00000000147d0000, 0x0000000015fd0000)

Polling page: 0x0000000000bf0000

CodeCache: size=245760Kb used=25184Kb max_used=25184Kb free=220575Kb
 bounds [0x0000000002f00000, 0x00000000047c0000, 0x0000000011f00000]
 total_blobs=7331 nmethods=6497 adapters=746
 compilation: enabled

Compilation events (10 events):
Event: 62.566 Thread 0x0000000018aee800 7591       3       org.codehaus.groovy.reflection.AccessPermissionChecker::checkAccessPermission (70 bytes)
Event: 62.567 Thread 0x0000000018aee800 nmethod 7591 0x00000000047b2050 code [0x00000000047b2240, 0x00000000047b2d28]
Event: 62.567 Thread 0x0000000018aee800 7590       1       groovy.lang.Closure::getResolveStrategy (5 bytes)
Event: 62.567 Thread 0x0000000018aee800 nmethod 7590 0x00000000047b3090 code [0x00000000047b31e0, 0x00000000047b32f0]
Event: 62.567 Thread 0x0000000018aee800 7593       3       org.gradle.api.internal.collections.AbstractIterationOrderRetainingElementSource$Element::getValues (16 bytes)
Event: 62.567 Thread 0x0000000018aee800 nmethod 7593 0x00000000047b3350 code [0x00000000047b34c0, 0x00000000047b36a8]
Event: 62.570 Thread 0x0000000018aee800 7594       3       org.gradle.internal.metaobject.AbstractDynamicObject::<init> (5 bytes)
Event: 62.570 Thread 0x0000000018aee800 nmethod 7594 0x00000000047b3750 code [0x00000000047b38a0, 0x00000000047b3a50]
Event: 62.570 Thread 0x0000000018aee800 7595       3       org.gradle.api.internal.DefaultNamedDomainObjectCollection::findByName (61 bytes)
Event: 62.571 Thread 0x0000000018aee800 nmethod 7595 0x00000000047b3b10 code [0x00000000047b3ce0, 0x00000000047b44f8]

GC Heap History (10 events):
Event: 54.895 GC heap before
{Heap before GC invocations=21 (full 2):
 PSYoungGen      total 114688K, used 108719K [0x00000000e0000000, 0x00000000e7c80000, 0x0000000100000000)
  eden space 103424K, 100% used [0x00000000e0000000,0x00000000e6500000,0x00000000e6500000)
  from space 11264K, 47% used [0x00000000e7080000,0x00000000e75abcd0,0x00000000e7b80000)
  to   space 11776K, 0% used [0x00000000e6500000,0x00000000e6500000,0x00000000e7080000)
 ParOldGen       total 89600K, used 18446K [0x00000000a0000000, 0x00000000a5780000, 0x00000000e0000000)
  object space 89600K, 20% used [0x00000000a0000000,0x00000000a1203bb0,0x00000000a5780000)
 Metaspace       used 43978K, capacity 44826K, committed 44976K, reserved 1087488K
  class space    used 5708K, capacity 5958K, committed 6064K, reserved 1048576K
Event: 54.899 GC heap after
Heap after GC invocations=21 (full 2):
 PSYoungGen      total 115200K, used 6964K [0x00000000e0000000, 0x00000000e8680000, 0x0000000100000000)
  eden space 103424K, 0% used [0x00000000e0000000,0x00000000e0000000,0x00000000e6500000)
  from space 11776K, 59% used [0x00000000e6500000,0x00000000e6bcd190,0x00000000e7080000)
  to   space 11264K, 0% used [0x00000000e7b80000,0x00000000e7b80000,0x00000000e8680000)
 ParOldGen       total 89600K, used 18454K [0x00000000a0000000, 0x00000000a5780000, 0x00000000e0000000)
  object space 89600K, 20% used [0x00000000a0000000,0x00000000a1205bb0,0x00000000a5780000)
 Metaspace       used 43978K, capacity 44826K, committed 44976K, reserved 1087488K
  class space    used 5708K, capacity 5958K, committed 6064K, reserved 1048576K
}
Event: 55.820 GC heap before
{Heap before GC invocations=22 (full 2):
 PSYoungGen      total 115200K, used 110388K [0x00000000e0000000, 0x00000000e8680000, 0x0000000100000000)
  eden space 103424K, 100% used [0x00000000e0000000,0x00000000e6500000,0x00000000e6500000)
  from space 11776K, 59% used [0x00000000e6500000,0x00000000e6bcd190,0x00000000e7080000)
  to   space 11264K, 0% used [0x00000000e7b80000,0x00000000e7b80000,0x00000000e8680000)
 ParOldGen       total 89600K, used 18454K [0x00000000a0000000, 0x00000000a5780000, 0x00000000e0000000)
  object space 89600K, 20% used [0x00000000a0000000,0x00000000a1205bb0,0x00000000a5780000)
 Metaspace       used 43982K, capacity 44826K, committed 44976K, reserved 1087488K
  class space    used 5708K, capacity 5958K, committed 6064K, reserved 1048576K
Event: 55.823 GC heap after
Heap after GC invocations=22 (full 2):
 PSYoungGen      total 125952K, used 5294K [0x00000000e0000000, 0x00000000e8700000, 0x0000000100000000)
  eden space 114688K, 0% used [0x00000000e0000000,0x00000000e0000000,0x00000000e7000000)
  from space 11264K, 47% used [0x00000000e7b80000,0x00000000e80abab8,0x00000000e8680000)
  to   space 11776K, 0% used [0x00000000e7000000,0x00000000e7000000,0x00000000e7b80000)
 ParOldGen       total 89600K, used 18454K [0x00000000a0000000, 0x00000000a5780000, 0x00000000e0000000)
  object space 89600K, 20% used [0x00000000a0000000,0x00000000a1205bb0,0x00000000a5780000)
 Metaspace       used 43982K, capacity 44826K, committed 44976K, reserved 1087488K
  class space    used 5708K, capacity 5958K, committed 6064K, reserved 1048576K
}
Event: 59.595 GC heap before
{Heap before GC invocations=23 (full 2):
 PSYoungGen      total 125952K, used 119982K [0x00000000e0000000, 0x00000000e8700000, 0x0000000100000000)
  eden space 114688K, 100% used [0x00000000e0000000,0x00000000e7000000,0x00000000e7000000)
  from space 11264K, 47% used [0x00000000e7b80000,0x00000000e80abab8,0x00000000e8680000)
  to   space 11776K, 0% used [0x00000000e7000000,0x00000000e7000000,0x00000000e7b80000)
 ParOldGen       total 89600K, used 18454K [0x00000000a0000000, 0x00000000a5780000, 0x00000000e0000000)
  object space 89600K, 20% used [0x00000000a0000000,0x00000000a1205bb0,0x00000000a5780000)
 Metaspace       used 51488K, capacity 52668K, committed 52784K, reserved 1095680K
  class space    used 6614K, capacity 6938K, committed 6960K, reserved 1048576K
Event: 59.603 GC heap after
Heap after GC invocations=23 (full 2):
 PSYoungGen      total 126464K, used 11768K [0x00000000e0000000, 0x00000000e9500000, 0x0000000100000000)
  eden space 114688K, 0% used [0x00000000e0000000,0x00000000e0000000,0x00000000e7000000)
  from space 11776K, 99% used [0x00000000e7000000,0x00000000e7b7e368,0x00000000e7b80000)
  to   space 13312K, 0% used [0x00000000e8800000,0x00000000e8800000,0x00000000e9500000)
 ParOldGen       total 89600K, used 20290K [0x00000000a0000000, 0x00000000a5780000, 0x00000000e0000000)
  object space 89600K, 22% used [0x00000000a0000000,0x00000000a13d09f8,0x00000000a5780000)
 Metaspace       used 51488K, capacity 52668K, committed 52784K, reserved 1095680K
  class space    used 6614K, capacity 6938K, committed 6960K, reserved 1048576K
}
Event: 61.491 GC heap before
{Heap before GC invocations=24 (full 2):
 PSYoungGen      total 126464K, used 126456K [0x00000000e0000000, 0x00000000e9500000, 0x0000000100000000)
  eden space 114688K, 100% used [0x00000000e0000000,0x00000000e7000000,0x00000000e7000000)
  from space 11776K, 99% used [0x00000000e7000000,0x00000000e7b7e368,0x00000000e7b80000)
  to   space 13312K, 0% used [0x00000000e8800000,0x00000000e8800000,0x00000000e9500000)
 ParOldGen       total 89600K, used 20290K [0x00000000a0000000, 0x00000000a5780000, 0x00000000e0000000)
  object space 89600K, 22% used [0x00000000a0000000,0x00000000a13d09f8,0x00000000a5780000)
 Metaspace       used 55552K, capacity 56906K, committed 57136K, reserved 1099776K
  class space    used 7086K, capacity 7462K, committed 7472K, reserved 1048576K
Event: 61.502 GC heap after
Heap after GC invocations=24 (full 2):
 PSYoungGen      total 138240K, used 11776K [0x00000000e0000000, 0x00000000e9880000, 0x0000000100000000)
  eden space 124928K, 0% used [0x00000000e0000000,0x00000000e0000000,0x00000000e7a00000)
  from space 13312K, 88% used [0x00000000e8800000,0x00000000e9380178,0x00000000e9500000)
  to   space 14336K, 0% used [0x00000000e7a00000,0x00000000e7a00000,0x00000000e8800000)
 ParOldGen       total 89600K, used 24958K [0x00000000a0000000, 0x00000000a5780000, 0x00000000e0000000)
  object space 89600K, 27% used [0x00000000a0000000,0x00000000a185f858,0x00000000a5780000)
 Metaspace       used 55552K, capacity 56906K, committed 57136K, reserved 1099776K
  class space    used 7086K, capacity 7462K, committed 7472K, reserved 1048576K
}
Event: 62.105 GC heap before
{Heap before GC invocations=25 (full 2):
 PSYoungGen      total 138240K, used 136704K [0x00000000e0000000, 0x00000000e9880000, 0x0000000100000000)
  eden space 124928K, 100% used [0x00000000e0000000,0x00000000e7a00000,0x00000000e7a00000)
  from space 13312K, 88% used [0x00000000e8800000,0x00000000e9380178,0x00000000e9500000)
  to   space 14336K, 0% used [0x00000000e7a00000,0x00000000e7a00000,0x00000000e8800000)
 ParOldGen       total 89600K, used 24958K [0x00000000a0000000, 0x00000000a5780000, 0x00000000e0000000)
  object space 89600K, 27% used [0x00000000a0000000,0x00000000a185f858,0x00000000a5780000)
 Metaspace       used 56397K, capacity 57820K, committed 58032K, reserved 1099776K
  class space    used 7155K, capacity 7535K, committed 7600K, reserved 1048576K
Event: 62.112 GC heap after
Heap after GC invocations=25 (full 2):
 PSYoungGen      total 139264K, used 9081K [0x00000000e0000000, 0x00000000ea680000, 0x0000000100000000)
  eden space 124928K, 0% used [0x00000000e0000000,0x00000000e0000000,0x00000000e7a00000)
  from space 14336K, 63% used [0x00000000e7a00000,0x00000000e82de6d8,0x00000000e8800000)
  to   space 13824K, 0% used [0x00000000e9900000,0x00000000e9900000,0x00000000ea680000)
 ParOldGen       total 89600K, used 24966K [0x00000000a0000000, 0x00000000a5780000, 0x00000000e0000000)
  object space 89600K, 27% used [0x00000000a0000000,0x00000000a1861858,0x00000000a5780000)
 Metaspace       used 56397K, capacity 57820K, committed 58032K, reserved 1099776K
  class space    used 7155K, capacity 7535K, committed 7600K, reserved 1048576K
}

Deoptimization events (10 events):
Event: 62.407 Thread 0x0000000018b12800 Uncommon trap: reason=bimorphic action=maybe_recompile pc=0x0000000004553f94 method=org.codehaus.groovy.runtime.metaclass.MetaMethodIndex.addMethodToList(Ljava/lang/Object;Lgroovy/lang/MetaMethod;)Ljava/lang/Object; @ 96
Event: 62.407 Thread 0x0000000018b12800 Uncommon trap: reason=unstable_if action=reinterpret pc=0x0000000004553ed8 method=org.codehaus.groovy.runtime.metaclass.MetaMethodIndex.isNonRealMethod(Lgroovy/lang/MetaMethod;)Z @ 4
Event: 62.458 Thread 0x0000000018b12800 Uncommon trap: reason=bimorphic action=maybe_recompile pc=0x000000000477b958 method=groovy.lang.MetaClassImpl.filterPropertyMethod(Ljava/lang/Object;ZZ)Ljava/lang/Object; @ 165
Event: 62.458 Thread 0x0000000018b12800 Uncommon trap: reason=bimorphic action=maybe_recompile pc=0x000000000477bce4 method=groovy.lang.MetaClassImpl.filterPropertyMethod(Ljava/lang/Object;ZZ)Ljava/lang/Object; @ 38
Event: 62.458 Thread 0x0000000018b12800 Uncommon trap: reason=bimorphic action=maybe_recompile pc=0x000000000477b958 method=groovy.lang.MetaClassImpl.filterPropertyMethod(Ljava/lang/Object;ZZ)Ljava/lang/Object; @ 165
Event: 62.458 Thread 0x0000000018b12800 Uncommon trap: reason=bimorphic action=maybe_recompile pc=0x000000000477bce4 method=groovy.lang.MetaClassImpl.filterPropertyMethod(Ljava/lang/Object;ZZ)Ljava/lang/Object; @ 38
Event: 62.537 Thread 0x0000000018b12800 Uncommon trap: reason=unstable_if action=reinterpret pc=0x0000000003752ab4 method=java.util.WeakHashMap.put(Ljava/lang/Object;Ljava/lang/Object;)Ljava/lang/Object; @ 59
Event: 62.567 Thread 0x0000000018b12800 Uncommon trap: reason=class_check action=maybe_recompile pc=0x00000000039e637c method=sun.misc.URLClassPath.findResource(Ljava/lang/String;Z)Ljava/net/URL; @ 26
Event: 62.568 Thread 0x0000000018b12800 Uncommon trap: reason=class_check action=maybe_recompile pc=0x00000000039e637c method=sun.misc.URLClassPath.findResource(Ljava/lang/String;Z)Ljava/net/URL; @ 26
Event: 62.568 Thread 0x0000000018b12800 Uncommon trap: reason=class_check action=maybe_recompile pc=0x00000000039e637c method=sun.misc.URLClassPath.findResource(Ljava/lang/String;Z)Ljava/net/URL; @ 26

Classes redefined (0 events):
No events

Internal exceptions (10 events):
Event: 62.538 Thread 0x0000000018b12800 Exception <a 'java/lang/ClassNotFoundException': org/gradle/api/internal/artifacts/configurations/DefaultConfigurationContainerCustomizer> (0x00000000e301df70) thrown at [C:\src\AOSP-openjdk-git\hotspot\src\share\vm\classfile\systemDictionary.cpp, line 21
Event: 62.540 Thread 0x0000000018b12800 Exception <a 'java/lang/ClassNotFoundException': org/gradle/api/internal/artifacts/configurations/DefaultConfigurationContainer_DecoratedCustomizer> (0x00000000e30b2c78) thrown at [C:\src\AOSP-openjdk-git\hotspot\src\share\vm\classfile\systemDictionary.cp
Event: 62.548 Thread 0x0000000018b12800 Exception <a 'java/lang/ClassNotFoundException': org/gradle/api/internal/artifacts/configurations/DefaultConfiguration_DecoratedBeanInfo> (0x00000000e3340d20) thrown at [C:\src\AOSP-openjdk-git\hotspot\src\share\vm\classfile\systemDictionary.cpp, line 210
Event: 62.549 Thread 0x0000000018b12800 Exception <a 'java/lang/ClassNotFoundException': org/gradle/api/internal/artifacts/configurations/DefaultConfigurationBeanInfo> (0x00000000e33ab250) thrown at [C:\src\AOSP-openjdk-git\hotspot\src\share\vm\classfile\systemDictionary.cpp, line 210]
Event: 62.550 Thread 0x0000000018b12800 Exception <a 'java/lang/ClassNotFoundException': org/gradle/api/internal/file/AbstractFileCollectionBeanInfo> (0x00000000e33f13c0) thrown at [C:\src\AOSP-openjdk-git\hotspot\src\share\vm\classfile\systemDictionary.cpp, line 210]
Event: 62.551 Thread 0x0000000018b12800 Exception <a 'java/lang/ClassNotFoundException': org/gradle/api/internal/file/AbstractFileCollectionCustomizer> (0x00000000e3438540) thrown at [C:\src\AOSP-openjdk-git\hotspot\src\share\vm\classfile\systemDictionary.cpp, line 210]
Event: 62.552 Thread 0x0000000018b12800 Exception <a 'java/lang/ClassNotFoundException': org/gradle/api/internal/artifacts/configurations/DefaultConfigurationCustomizer> (0x00000000e34b42f0) thrown at [C:\src\AOSP-openjdk-git\hotspot\src\share\vm\classfile\systemDictionary.cpp, line 210]
Event: 62.554 Thread 0x0000000018b12800 Exception <a 'java/lang/ClassNotFoundException': org/gradle/api/internal/artifacts/configurations/DefaultConfiguration_DecoratedCustomizer> (0x00000000e3590970) thrown at [C:\src\AOSP-openjdk-git\hotspot\src\share\vm\classfile\systemDictionary.cpp, line 2
Event: 62.573 Thread 0x0000000018b12800 Exception <a 'java/lang/ClassNotFoundException': com/android/build/gradle/internal/api/DefaultAndroidSourceDirectorySetBeanInfo> (0x00000000e3756b20) thrown at [C:\src\AOSP-openjdk-git\hotspot\src\share\vm\classfile\systemDictionary.cpp, line 210]
Event: 62.573 Thread 0x0000000018b12800 Exception <a 'java/lang/ClassNotFoundException': com/android/build/gradle/internal/api/DefaultAndroidSourceDirectorySetCustomizer> (0x00000000e377e4d8) thrown at [C:\src\AOSP-openjdk-git\hotspot\src\share\vm\classfile\systemDictionary.cpp, line 210]

Events (10 events):
Event: 62.573 loading class com/android/build/gradle/internal/api/DefaultAndroidSourceDirectorySetCustomizer
Event: 62.573 loading class com/android/build/gradle/internal/api/DefaultAndroidSourceDirectorySetCustomizer done
Event: 62.574 loading class com/android/build/api/artifact/BuildArtifactTransformBuilder
Event: 62.574 loading class com/android/build/api/artifact/BuildArtifactTransformBuilder done
Event: 62.574 loading class org/gradle/api/file/FileTreeElement
Event: 62.574 loading class org/gradle/api/file/FileTreeElement done
Event: 62.576 loading class groovy/runtime/metaclass/com/google/common/collect/SingletonImmutableSetMetaClass
Event: 62.576 loading class groovy/runtime/metaclass/com/google/common/collect/SingletonImmutableSetMetaClass done
Event: 62.578 loading class com/google/common/collect/SingletonImmutableSetBeanInfo
Event: 62.578 loading class com/google/common/collect/SingletonImmutableSetBeanInfo done


Dynamic libraries:
0x00007ff690330000 - 0x00007ff690361000 	C:\Program Files\Android\Android Studio\jre\bin\java.exe
0x00007fff5d180000 - 0x00007fff5d370000 	C:\WINDOWS\SYSTEM32\ntdll.dll
0x00007fff5ba00000 - 0x00007fff5bab2000 	C:\WINDOWS\System32\KERNEL32.DLL
0x00007fff5aca0000 - 0x00007fff5af44000 	C:\WINDOWS\System32\KERNELBASE.dll
0x00007fff5bac0000 - 0x00007fff5bb63000 	C:\WINDOWS\System32\ADVAPI32.dll
0x00007fff5c290000 - 0x00007fff5c32e000 	C:\WINDOWS\System32\msvcrt.dll
0x00007fff5d070000 - 0x00007fff5d107000 	C:\WINDOWS\System32\sechost.dll
0x00007fff5bb70000 - 0x00007fff5bc90000 	C:\WINDOWS\System32\RPCRT4.dll
0x00007fff5bc90000 - 0x00007fff5be24000 	C:\WINDOWS\System32\USER32.dll
0x00007fff5ac70000 - 0x00007fff5ac91000 	C:\WINDOWS\System32\win32u.dll
0x00007fff5c1d0000 - 0x00007fff5c1f6000 	C:\WINDOWS\System32\GDI32.dll
0x00007fff5a130000 - 0x00007fff5a2c5000 	C:\WINDOWS\System32\gdi32full.dll
0x00007fff5a350000 - 0x00007fff5a3ee000 	C:\WINDOWS\System32\msvcp_win.dll
0x00007fff5af80000 - 0x00007fff5b07a000 	C:\WINDOWS\System32\ucrtbase.dll
0x00007fff4d060000 - 0x00007fff4d2e4000 	C:\WINDOWS\WinSxS\amd64_microsoft.windows.common-controls_6595b64144ccf1df_6.0.18362.900_none_e6beb9d913147d17\COMCTL32.dll
0x00007fff5c3b0000 - 0x00007fff5c6e5000 	C:\WINDOWS\System32\combase.dll
0x00007fff5a2d0000 - 0x00007fff5a350000 	C:\WINDOWS\System32\bcryptPrimitives.dll
0x00007fff5d110000 - 0x00007fff5d13e000 	C:\WINDOWS\System32\IMM32.DLL
0x000000006c8f0000 - 0x000000006c9c2000 	C:\Program Files\Android\Android Studio\jre\jre\bin\msvcr100.dll
0x000000006cb60000 - 0x000000006d3ab000 	C:\Program Files\Android\Android Studio\jre\jre\bin\server\jvm.dll
0x00007fff5c220000 - 0x00007fff5c228000 	C:\WINDOWS\System32\PSAPI.DLL
0x00007fff570f0000 - 0x00007fff57114000 	C:\WINDOWS\SYSTEM32\WINMM.dll
0x00007fff45e70000 - 0x00007fff45e79000 	C:\WINDOWS\SYSTEM32\WSOCK32.dll
0x00007fff55fe0000 - 0x00007fff55fea000 	C:\WINDOWS\SYSTEM32\VERSION.dll
0x00007fff5bea0000 - 0x00007fff5bf0f000 	C:\WINDOWS\System32\WS2_32.dll
0x00007fff570c0000 - 0x00007fff570ed000 	C:\WINDOWS\SYSTEM32\WINMMBASE.dll
0x00007fff5ab70000 - 0x00007fff5abba000 	C:\WINDOWS\System32\cfgmgr32.dll
0x00007fff54c80000 - 0x00007fff54c8f000 	C:\Program Files\Android\Android Studio\jre\jre\bin\verify.dll
0x00007fff47530000 - 0x00007fff47559000 	C:\Program Files\Android\Android Studio\jre\jre\bin\java.dll
0x00007fff3e1b0000 - 0x00007fff3e1c6000 	C:\Program Files\Android\Android Studio\jre\jre\bin\zip.dll
0x00007fff5c980000 - 0x00007fff5d066000 	C:\WINDOWS\System32\SHELL32.dll
0x00007fff5c120000 - 0x00007fff5c1c9000 	C:\WINDOWS\System32\shcore.dll
0x00007fff5a3f0000 - 0x00007fff5ab70000 	C:\WINDOWS\System32\windows.storage.dll
0x00007fff5a0c0000 - 0x00007fff5a0e3000 	C:\WINDOWS\System32\profapi.dll
0x00007fff5a070000 - 0x00007fff5a0ba000 	C:\WINDOWS\System32\powrprof.dll
0x00007fff5a040000 - 0x00007fff5a050000 	C:\WINDOWS\System32\UMPDC.dll
0x00007fff5c230000 - 0x00007fff5c282000 	C:\WINDOWS\System32\shlwapi.dll
0x00007fff5a050000 - 0x00007fff5a061000 	C:\WINDOWS\System32\kernel.appcore.dll
0x00007fff5a110000 - 0x00007fff5a127000 	C:\WINDOWS\System32\cryptsp.dll
0x00007fff385f0000 - 0x00007fff3860a000 	C:\Program Files\Android\Android Studio\jre\jre\bin\net.dll
0x00007fff598b0000 - 0x00007fff59917000 	C:\WINDOWS\system32\mswsock.dll
0x00007fff36080000 - 0x00007fff36093000 	C:\Program Files\Android\Android Studio\jre\jre\bin\nio.dll
0x00007fff524b0000 - 0x00007fff524d6000 	C:\Users\Marcello\.gradle\native\30\windows-amd64\native-platform.dll
0x00007fff52450000 - 0x00007fff5245d000 	C:\Program Files\Android\Android Studio\jre\jre\bin\management.dll
0x00007fff59420000 - 0x00007fff59453000 	C:\WINDOWS\system32\rsaenh.dll
0x00007fff5af50000 - 0x00007fff5af76000 	C:\WINDOWS\System32\bcrypt.dll
0x00007fff59f30000 - 0x00007fff59f55000 	C:\WINDOWS\SYSTEM32\USERENV.dll
0x00007fff59a80000 - 0x00007fff59a8c000 	C:\WINDOWS\SYSTEM32\CRYPTBASE.dll
0x00007fff595c0000 - 0x00007fff595fa000 	C:\WINDOWS\SYSTEM32\IPHLPAPI.DLL
0x00007fff5b3d0000 - 0x00007fff5b3d8000 	C:\WINDOWS\System32\NSI.dll
0x00007fff54bb0000 - 0x00007fff54bc6000 	C:\WINDOWS\SYSTEM32\dhcpcsvc6.DLL
0x00007fff54dc0000 - 0x00007fff54ddc000 	C:\WINDOWS\SYSTEM32\dhcpcsvc.DLL
0x00007fff59600000 - 0x00007fff596cb000 	C:\WINDOWS\SYSTEM32\DNSAPI.dll
0x00007fff2e190000 - 0x00007fff2e1b4000 	C:\Program Files\Android\Android Studio\jre\jre\bin\sunec.dll
0x00007fff50b50000 - 0x00007fff50b5a000 	C:\Windows\System32\rasadhlp.dll
0x00007fff54a60000 - 0x00007fff54ad7000 	C:\WINDOWS\System32\fwpuclnt.dll
0x00007fff513f0000 - 0x00007fff513fb000 	C:\Program Files\Android\Android Studio\jre\jre\bin\sunmscapi.dll
0x00007fff5b080000 - 0x00007fff5b1c9000 	C:\WINDOWS\System32\CRYPT32.dll
0x00007fff5a0f0000 - 0x00007fff5a102000 	C:\WINDOWS\System32\MSASN1.dll

VM Arguments:
jvm_args: -Xmx1536M -Dfile.encoding=windows-1252 -Duser.country=US -Duser.language=en -Duser.variant 
java_command: org.gradle.launcher.daemon.bootstrap.GradleDaemon 5.6.2
java_class_path (initial): C:\Users\Marcello\.gradle\wrapper\dists\gradle-5.6.2-all\9st6wgf78h16so49nn74lgtbb\gradle-5.6.2\lib\gradle-launcher-5.6.2.jar
Launcher Type: SUN_STANDARD

Environment Variables:
JAVA_HOME=C:\Program Files\Android\Android Studio\jre
CLASSPATH=C:\Users\Marcello\Desktop\softwareproject\study-habit-tracker\android\\gradle\wrapper\gradle-wrapper.jar
USERNAME=Marcello
OS=Windows_NT
PROCESSOR_IDENTIFIER=Intel64 Family 6 Model 142 Stepping 10, GenuineIntel



---------------  S Y S T E M  ---------------

OS: Windows 10.0 , 64 bit Build 18362 (10.0.18362.900)

CPU:total 8 (initial active 8) (4 cores per cpu, 2 threads per core) family 6 model 142 stepping 10, cmov, cx8, fxsr, mmx, sse, sse2, sse3, ssse3, sse4.1, sse4.2, popcnt, avx, avx2, aes, clmul, erms, 3dnowpref, lzcnt, ht, tsc, tscinvbit, bmi1, bmi2, adx

Memory: 4k page, physical 12462668k(2428288k free), swap 13889100k(5884k free)

vm_info: OpenJDK 64-Bit Server VM (25.242-b01) for windows-amd64 JRE (1.8.0_242-release-1644-b01), built by "builder" with MS VC++ 10.0 (VS2010)

time: Mon Jul 20 17:32:00 2020
timezone: Central Daylight Time
elapsed time: 62 seconds (0d 0h 1m 2s)

