#
# There is insufficient memory for the Java Runtime Environment to continue.
# Native memory allocation (malloc) failed to allocate 32744 bytes for ChunkPool::allocate
# Possible reasons:
#   The system is out of physical RAM or swap space
#   The process is running with CompressedOops enabled, and the Java Heap may be blocking the growth of the native heap
# Possible solutions:
#   Reduce memory load on the system
#   Increase physical memory or swap space
#   Check if swap backing store is full
#   Decrease Java heap size (-Xmx/-Xms)
#   Decrease number of Java threads
#   Decrease Java thread stack sizes (-Xss)
#   Set larger code cache with -XX:ReservedCodeCacheSize=
#   JVM is running with Unscaled Compressed Oops mode in which the Java heap is
#     placed in the first 4GB address space. The Java Heap base address is the
#     maximum limit for the native heap growth. Please use -XX:HeapBaseMinAddress
#     to set the Java Heap base and to place the Java Heap above 4GB virtual address.
# This output file may be truncated or incomplete.
#
#  Out of Memory Error (allocation.cpp:272), pid=8044, tid=0x0000000000000f8c
#
# JRE version: OpenJDK Runtime Environment (8.0_242-b01) (build 1.8.0_242-release-1644-b01)
# Java VM: OpenJDK 64-Bit Server VM (25.242-b01 mixed mode windows-amd64 compressed oops)
# Failed to write core dump. Minidumps are not enabled by default on client versions of Windows
#

---------------  T H R E A D  ---------------

Current thread (0x0000000018b8e800):  JavaThread "C2 CompilerThread0" daemon [_thread_in_native, id=3980, stack(0x0000000019450000,0x0000000019550000)]

Stack: [0x0000000019450000,0x0000000019550000]
[error occurred during error reporting (printing stack bounds), id 0xc0000005]

Native frames: (J=compiled Java code, j=interpreted, Vv=VM code, C=native code)


Current CompileTask:
C2:1823596 11674       4       org.gradle.internal.io.LinePerThreadBufferingOutputStream::getStream (44 bytes)


---------------  P R O C E S S  ---------------

Java Threads: ( => current thread )
  0x000000001d332000 JavaThread "Exec process Thread 9" [_thread_in_native, id=16240, stack(0x0000000028060000,0x0000000028160000)]
  0x0000000020c39800 JavaThread "Exec process Thread 8" [_thread_in_native, id=8628, stack(0x0000000027f60000,0x0000000028060000)]
  0x0000000020c39000 JavaThread "Exec process Thread 7" [_thread_in_native, id=17536, stack(0x0000000027e60000,0x0000000027f60000)]
  0x0000000020c38000 JavaThread "Cache worker for execution history cache (C:\Users\Marcello\Desktop\softwareproject\study-habit-tracker\android\.gradle\5.6.2\executionHistory)" [_thread_blocked, id=13036, stack(0x0000000027960000,0x0000000027a60000)]
  0x0000000020c3a800 JavaThread "Execution worker for ':' Thread 7" [_thread_blocked, id=11136, stack(0x0000000027860000,0x0000000027960000)]
  0x0000000020c37800 JavaThread "Execution worker for ':' Thread 6" [_thread_blocked, id=8152, stack(0x0000000027760000,0x0000000027860000)]
  0x0000000020c36800 JavaThread "Execution worker for ':' Thread 5" [_thread_blocked, id=12372, stack(0x0000000027660000,0x0000000027760000)]
  0x0000000020c36000 JavaThread "Execution worker for ':' Thread 4" [_thread_blocked, id=17664, stack(0x0000000027560000,0x0000000027660000)]
  0x0000000020c2e800 JavaThread "Execution worker for ':' Thread 3" [_thread_blocked, id=8976, stack(0x0000000027460000,0x0000000027560000)]
  0x0000000020c35000 JavaThread "Execution worker for ':' Thread 2" [_thread_blocked, id=8036, stack(0x0000000027160000,0x0000000027260000)]
  0x0000000020c2d800 JavaThread "Execution worker for ':'" [_thread_blocked, id=15792, stack(0x0000000025fc0000,0x00000000260c0000)]
  0x0000000020c33000 JavaThread "Cache worker for file content cache (C:\Users\Marcello\Desktop\softwareproject\study-habit-tracker\android\.gradle\5.6.2\fileContent)" [_thread_blocked, id=5260, stack(0x0000000023cc0000,0x0000000023dc0000)]
  0x0000000020c33800 JavaThread "Cache worker for Build Output Cleanup Cache (C:\Users\Marcello\Desktop\softwareproject\study-habit-tracker\android\.gradle\buildOutputCleanup)" [_thread_blocked, id=10468, stack(0x00000000235c0000,0x00000000236c0000)]
  0x0000000020c2b800 JavaThread "Build operations Thread 8" [_thread_blocked, id=9608, stack(0x00000000234c0000,0x00000000235c0000)]
  0x0000000020c32000 JavaThread "Build operations Thread 7" [_thread_blocked, id=10288, stack(0x00000000233c0000,0x00000000234c0000)]
  0x0000000020c30800 JavaThread "Build operations Thread 6" [_thread_blocked, id=11572, stack(0x00000000232c0000,0x00000000233c0000)]
  0x0000000020c31800 JavaThread "Build operations Thread 5" [_thread_blocked, id=8336, stack(0x00000000231c0000,0x00000000232c0000)]
  0x0000000020c2c000 JavaThread "Build operations Thread 4" [_thread_blocked, id=12504, stack(0x00000000230c0000,0x00000000231c0000)]
  0x0000000020c2d000 JavaThread "Build operations Thread 3" [_thread_blocked, id=12260, stack(0x0000000022fc0000,0x00000000230c0000)]
  0x0000000020c2f000 JavaThread "Build operations Thread 2" [_thread_blocked, id=17960, stack(0x0000000022ec0000,0x0000000022fc0000)]
  0x000000001deba800 JavaThread "Build operations" [_thread_blocked, id=12568, stack(0x0000000021680000,0x0000000021780000)]
  0x000000001debe000 JavaThread "Cache worker for cache directory md-rule (C:\Users\Marcello\.gradle\caches\5.6.2\md-rule)" [_thread_blocked, id=9228, stack(0x0000000021580000,0x0000000021680000)]
  0x000000001deb2000 JavaThread "Cache worker for cache directory md-supplier (C:\Users\Marcello\.gradle\caches\5.6.2\md-supplier)" [_thread_blocked, id=10336, stack(0x00000000200b0000,0x00000000201b0000)]
  0x000000001deb8000 JavaThread "Cache worker for file hash cache (C:\Users\Marcello\Desktop\softwareproject\study-habit-tracker\android\.gradle\5.6.2\fileHashes)" [_thread_blocked, id=8280, stack(0x000000001c4a0000,0x000000001c5a0000)]
  0x000000001deb7800 JavaThread "Thread-101" [_thread_blocked, id=16140, stack(0x000000001c3a0000,0x000000001c4a0000)]
  0x000000001deb6800 JavaThread "Stdin handler" [_thread_blocked, id=6908, stack(0x000000001c1a0000,0x000000001c2a0000)]
  0x000000001deb5000 JavaThread "Asynchronous log dispatcher for DefaultDaemonConnection: socket connection from /127.0.0.1:53494 to /127.0.0.1:55924" [_thread_blocked, id=17980, stack(0x000000001bea0000,0x000000001bfa0000)]
  0x000000001deb0800 JavaThread "Daemon worker Thread 3" [_thread_blocked, id=8220, stack(0x000000001bba0000,0x000000001bca0000)]
  0x000000001deb4800 JavaThread "Cancel handler" [_thread_blocked, id=9888, stack(0x00000000013b0000,0x00000000014b0000)]
  0x000000001deb1800 JavaThread "Handler for socket connection from /127.0.0.1:53494 to /127.0.0.1:55924" [_thread_in_native, id=18232, stack(0x00000000012b0000,0x00000000013b0000)]
  0x000000001deb0000 JavaThread "Daemon Thread 3" [_thread_blocked, id=11824, stack(0x00000000011b0000,0x00000000012b0000)]
  0x000000001debd800 JavaThread "Cache worker for file content cache (C:\Users\Marcello\.gradle\caches\5.6.2\fileContent)" [_thread_blocked, id=11836, stack(0x0000000024ac0000,0x0000000024bc0000)]
  0x000000001deb3000 JavaThread "Memory manager" [_thread_blocked, id=3148, stack(0x00000000249c0000,0x0000000024ac0000)]
  0x000000001deb6000 JavaThread "Cache worker for execution history cache (C:\Users\Marcello\.gradle\caches\5.6.2\executionHistory)" [_thread_blocked, id=17268, stack(0x0000000021bb0000,0x0000000021cb0000)]
  0x000000001aeb9000 JavaThread "Cache worker for journal cache (C:\Users\Marcello\.gradle\caches\journal-1)" [_thread_blocked, id=15848, stack(0x000000001c7a0000,0x000000001c8a0000)]
  0x000000001aebe000 JavaThread "File lock request listener" [_thread_in_native, id=8580, stack(0x000000001c6a0000,0x000000001c7a0000)]
  0x0000000018e26000 JavaThread "Cache worker for file hash cache (C:\Users\Marcello\.gradle\caches\5.6.2\fileHashes)" [_thread_blocked, id=11140, stack(0x000000001c5a0000,0x000000001c6a0000)]
  0x0000000019fa4800 JavaThread "Daemon periodic checks" [_thread_blocked, id=14704, stack(0x000000001baa0000,0x000000001bba0000)]
  0x000000001a27a800 JavaThread "Incoming local TCP Connector on port 53494" [_thread_in_native, id=6928, stack(0x000000001b860000,0x000000001b960000)]
  0x000000001a123800 JavaThread "Daemon health stats" [_thread_blocked, id=6768, stack(0x000000001b220000,0x000000001b320000)]
  0x0000000018c16000 JavaThread "Service Thread" daemon [_thread_blocked, id=14024, stack(0x0000000019850000,0x0000000019950000)]
  0x0000000018b9d000 JavaThread "C1 CompilerThread3" daemon [_thread_in_vm, id=15280, stack(0x0000000019750000,0x0000000019850000)]
  0x0000000016d7b800 JavaThread "C2 CompilerThread2" daemon [_thread_in_native, id=12884, stack(0x0000000019650000,0x0000000019750000)]
  0x0000000016d7a800 JavaThread "C2 CompilerThread1" daemon [_thread_in_vm, id=14120, stack(0x0000000019550000,0x0000000019650000)]
=>0x0000000018b8e800 JavaThread "C2 CompilerThread0" daemon [_thread_in_native, id=3980, stack(0x0000000019450000,0x0000000019550000)]
  0x0000000018b8c000 JavaThread "Attach Listener" daemon [_thread_blocked, id=32, stack(0x0000000019350000,0x0000000019450000)]
  0x0000000018b88000 JavaThread "Signal Dispatcher" daemon [_thread_blocked, id=1836, stack(0x0000000019250000,0x0000000019350000)]
  0x0000000018b70800 JavaThread "Finalizer" daemon [_thread_blocked, id=12244, stack(0x0000000019050000,0x0000000019150000)]
  0x0000000002fa9000 JavaThread "Reference Handler" daemon [_thread_blocked, id=7896, stack(0x0000000018f50000,0x0000000019050000)]
  0x0000000002eb3800 JavaThread "main" [_thread_blocked, id=15952, stack(0x0000000002d30000,0x0000000002e30000)]

Other Threads:
  0x0000000016d66000 VMThread [stack: 0x0000000018a50000,0x0000000018b50000] [id=13244]
  0x0000000016d7e800 WatcherThread [stack: 0x0000000019950000,0x0000000019a50000] [id=15116]

VM state:not at safepoint (normal execution)

VM Mutex/Monitor currently owned by a thread: None

heap address: 0x00000000a0000000, size: 1536 MB, Compressed Oops mode: 32-bit
Narrow klass base: 0x0000000000000000, Narrow klass shift: 3
Compressed class space size: 1073741824 Address: 0x0000000100000000

Heap:
 PSYoungGen      total 118784K, used 93103K [0x00000000e0000000, 0x00000000e8800000, 0x0000000100000000)
  eden space 102400K, 85% used [0x00000000e0000000,0x00000000e55e74d8,0x00000000e6400000)
  from space 16384K, 31% used [0x00000000e7800000,0x00000000e7d04a98,0x00000000e8800000)
  to   space 18432K, 0% used [0x00000000e6400000,0x00000000e6400000,0x00000000e7600000)
 ParOldGen       total 143360K, used 86663K [0x00000000a0000000, 0x00000000a8c00000, 0x00000000e0000000)
  object space 143360K, 60% used [0x00000000a0000000,0x00000000a54a1db0,0x00000000a8c00000)
 Metaspace       used 73969K, capacity 77666K, committed 77736K, reserved 1116160K
  class space    used 9862K, capacity 10657K, committed 10672K, reserved 1048576K

Card table byte_map: [0x0000000012370000,0x0000000012680000] byte_map_base: 0x0000000011e70000

Marking Bits: (ParMarkBitMap*) 0x000000006d32f030
 Begin Bits: [0x0000000013080000, 0x0000000014880000)
 End Bits:   [0x0000000014880000, 0x0000000016080000)

Polling page: 0x0000000001530000

CodeCache: size=245760Kb used=32413Kb max_used=32435Kb free=213346Kb
 bounds [0x0000000002fb0000, 0x0000000004f90000, 0x0000000011fb0000]
 total_blobs=11050 nmethods=10216 adapters=744
 compilation: enabled

Compilation events (10 events):
Event: 1823.403 Thread 0x0000000018b9d000 11669       3       org.gradle.internal.serialize.BaseSerializerFactory$EnumSerializer::write (12 bytes)
Event: 1823.403 Thread 0x0000000018b8e800 11671   !   4       java.io.PrintStream::write (66 bytes)
Event: 1823.403 Thread 0x0000000018b9d000 nmethod 11669 0x0000000004f56c50 code [0x0000000004f56dc0, 0x0000000004f57088]
Event: 1823.403 Thread 0x0000000018b9d000 11670       3       java.nio.charset.CharsetDecoder::implFlush (4 bytes)
Event: 1823.404 Thread 0x0000000018b9d000 nmethod 11670 0x0000000004f56950 code [0x0000000004f56aa0, 0x0000000004f56bf0]
Event: 1823.404 Thread 0x0000000016d7a800 11672       4       java.io.FilterOutputStream::write (9 bytes)
Event: 1823.404 Thread 0x0000000016d7b800 11673       4       org.gradle.internal.io.LinePerThreadBufferingOutputStream::write (9 bytes)
Event: 1823.409 Thread 0x0000000018b9d000 11677       3       java.nio.charset.CharsetDecoder::flush (49 bytes)
Event: 1823.411 Thread 0x0000000018b8e800 nmethod 11671 0x0000000004f557d0 code [0x0000000004f55960, 0x0000000004f56168]
Event: 1823.411 Thread 0x0000000018b8e800 11674       4       org.gradle.internal.io.LinePerThreadBufferingOutputStream::getStream (44 bytes)

GC Heap History (10 events):
Event: 44.826 GC heap before
{Heap before GC invocations=21 (full 3):
 PSYoungGen      total 86528K, used 82322K [0x00000000e0000000, 0x00000000e6780000, 0x0000000100000000)
  eden space 74752K, 100% used [0x00000000e0000000,0x00000000e4900000,0x00000000e4900000)
  from space 11776K, 64% used [0x00000000e4900000,0x00000000e5064a30,0x00000000e5480000)
  to   space 11264K, 0% used [0x00000000e5c80000,0x00000000e5c80000,0x00000000e6780000)
 ParOldGen       total 143360K, used 35721K [0x00000000a0000000, 0x00000000a8c00000, 0x00000000e0000000)
  object space 143360K, 24% used [0x00000000a0000000,0x00000000a22e27a0,0x00000000a8c00000)
 Metaspace       used 64174K, capacity 67066K, committed 67240K, reserved 1107968K
  class space    used 8899K, capacity 9531K, committed 9648K, reserved 1048576K
Event: 44.833 GC heap after
Heap after GC invocations=21 (full 3):
 PSYoungGen      total 93184K, used 10393K [0x00000000e0000000, 0x00000000e6800000, 0x0000000100000000)
  eden space 81920K, 0% used [0x00000000e0000000,0x00000000e0000000,0x00000000e5000000)
  from space 11264K, 92% used [0x00000000e5c80000,0x00000000e66a65f8,0x00000000e6780000)
  to   space 12288K, 0% used [0x00000000e5000000,0x00000000e5000000,0x00000000e5c00000)
 ParOldGen       total 143360K, used 35729K [0x00000000a0000000, 0x00000000a8c00000, 0x00000000e0000000)
  object space 143360K, 24% used [0x00000000a0000000,0x00000000a22e47a0,0x00000000a8c00000)
 Metaspace       used 64174K, capacity 67066K, committed 67240K, reserved 1107968K
  class space    used 8899K, capacity 9531K, committed 9648K, reserved 1048576K
}
Event: 46.694 GC heap before
{Heap before GC invocations=22 (full 3):
 PSYoungGen      total 93184K, used 89520K [0x00000000e0000000, 0x00000000e6800000, 0x0000000100000000)
  eden space 81920K, 96% used [0x00000000e0000000,0x00000000e4d45a88,0x00000000e5000000)
  from space 11264K, 92% used [0x00000000e5c80000,0x00000000e66a65f8,0x00000000e6780000)
  to   space 12288K, 0% used [0x00000000e5000000,0x00000000e5000000,0x00000000e5c00000)
 ParOldGen       total 143360K, used 35729K [0x00000000a0000000, 0x00000000a8c00000, 0x00000000e0000000)
  object space 143360K, 24% used [0x00000000a0000000,0x00000000a22e47a0,0x00000000a8c00000)
 Metaspace       used 68182K, capacity 71368K, committed 71592K, reserved 1110016K
  class space    used 9430K, capacity 10138K, committed 10160K, reserved 1048576K
Event: 46.704 GC heap after
Heap after GC invocations=22 (full 3):
 PSYoungGen      total 94208K, used 12272K [0x00000000e0000000, 0x00000000e7900000, 0x0000000100000000)
  eden space 81920K, 0% used [0x00000000e0000000,0x00000000e0000000,0x00000000e5000000)
  from space 12288K, 99% used [0x00000000e5000000,0x00000000e5bfc048,0x00000000e5c00000)
  to   space 16896K, 0% used [0x00000000e6880000,0x00000000e6880000,0x00000000e7900000)
 ParOldGen       total 143360K, used 44283K [0x00000000a0000000, 0x00000000a8c00000, 0x00000000e0000000)
  object space 143360K, 30% used [0x00000000a0000000,0x00000000a2b3eff8,0x00000000a8c00000)
 Metaspace       used 68182K, capacity 71368K, committed 71592K, reserved 1110016K
  class space    used 9430K, capacity 10138K, committed 10160K, reserved 1048576K
}
Event: 46.926 GC heap before
{Heap before GC invocations=23 (full 3):
 PSYoungGen      total 94208K, used 87156K [0x00000000e0000000, 0x00000000e7900000, 0x0000000100000000)
  eden space 81920K, 91% used [0x00000000e0000000,0x00000000e4921000,0x00000000e5000000)
  from space 12288K, 99% used [0x00000000e5000000,0x00000000e5bfc048,0x00000000e5c00000)
  to   space 16896K, 0% used [0x00000000e6880000,0x00000000e6880000,0x00000000e7900000)
 ParOldGen       total 143360K, used 44283K [0x00000000a0000000, 0x00000000a8c00000, 0x00000000e0000000)
  object space 143360K, 30% used [0x00000000a0000000,0x00000000a2b3eff8,0x00000000a8c00000)
 Metaspace       used 68317K, capacity 71452K, committed 71592K, reserved 1110016K
  class space    used 9454K, capacity 10142K, committed 10160K, reserved 1048576K
Event: 46.940 GC heap after
Heap after GC invocations=23 (full 3):
 PSYoungGen      total 104960K, used 15280K [0x00000000e0000000, 0x00000000e8680000, 0x0000000100000000)
  eden space 88064K, 0% used [0x00000000e0000000,0x00000000e0000000,0x00000000e5600000)
  from space 16896K, 90% used [0x00000000e6880000,0x00000000e776c200,0x00000000e7900000)
  to   space 18944K, 0% used [0x00000000e5600000,0x00000000e5600000,0x00000000e6880000)
 ParOldGen       total 143360K, used 82643K [0x00000000a0000000, 0x00000000a8c00000, 0x00000000e0000000)
  object space 143360K, 57% used [0x00000000a0000000,0x00000000a50b4ea8,0x00000000a8c00000)
 Metaspace       used 68317K, capacity 71452K, committed 71592K, reserved 1110016K
  class space    used 9454K, capacity 10142K, committed 10160K, reserved 1048576K
}
Event: 1527.172 GC heap before
{Heap before GC invocations=24 (full 3):
 PSYoungGen      total 104960K, used 103344K [0x00000000e0000000, 0x00000000e8680000, 0x0000000100000000)
  eden space 88064K, 100% used [0x00000000e0000000,0x00000000e5600000,0x00000000e5600000)
  from space 16896K, 90% used [0x00000000e6880000,0x00000000e776c200,0x00000000e7900000)
  to   space 18944K, 0% used [0x00000000e5600000,0x00000000e5600000,0x00000000e6880000)
 ParOldGen       total 143360K, used 82643K [0x00000000a0000000, 0x00000000a8c00000, 0x00000000e0000000)
  object space 143360K, 57% used [0x00000000a0000000,0x00000000a50b4ea8,0x00000000a8c00000)
 Metaspace       used 72287K, capacity 75602K, committed 75816K, reserved 1114112K
  class space    used 9777K, capacity 10501K, committed 10544K, reserved 1048576K
Event: 1527.182 GC heap after
Heap after GC invocations=24 (full 3):
 PSYoungGen      total 107008K, used 4666K [0x00000000e0000000, 0x00000000e8a00000, 0x0000000100000000)
  eden space 88064K, 0% used [0x00000000e0000000,0x00000000e0000000,0x00000000e5600000)
  from space 18944K, 24% used [0x00000000e5600000,0x00000000e5a8ead8,0x00000000e6880000)
  to   space 18432K, 0% used [0x00000000e7800000,0x00000000e7800000,0x00000000e8a00000)
 ParOldGen       total 143360K, used 86655K [0x00000000a0000000, 0x00000000a8c00000, 0x00000000e0000000)
  object space 143360K, 60% used [0x00000000a0000000,0x00000000a549fdb0,0x00000000a8c00000)
 Metaspace       used 72287K, capacity 75602K, committed 75816K, reserved 1114112K
  class space    used 9777K, capacity 10501K, committed 10544K, reserved 1048576K
}
Event: 1553.033 GC heap before
{Heap before GC invocations=25 (full 3):
 PSYoungGen      total 107008K, used 92730K [0x00000000e0000000, 0x00000000e8a00000, 0x0000000100000000)
  eden space 88064K, 100% used [0x00000000e0000000,0x00000000e5600000,0x00000000e5600000)
  from space 18944K, 24% used [0x00000000e5600000,0x00000000e5a8ead8,0x00000000e6880000)
  to   space 18432K, 0% used [0x00000000e7800000,0x00000000e7800000,0x00000000e8a00000)
 ParOldGen       total 143360K, used 86655K [0x00000000a0000000, 0x00000000a8c00000, 0x00000000e0000000)
  object space 143360K, 60% used [0x00000000a0000000,0x00000000a549fdb0,0x00000000a8c00000)
 Metaspace       used 73418K, capacity 76942K, committed 77224K, reserved 1116160K
  class space    used 9836K, capacity 10609K, committed 10672K, reserved 1048576K
Event: 1553.039 GC heap after
Heap after GC invocations=25 (full 3):
 PSYoungGen      total 118784K, used 5138K [0x00000000e0000000, 0x00000000e8800000, 0x0000000100000000)
  eden space 102400K, 0% used [0x00000000e0000000,0x00000000e0000000,0x00000000e6400000)
  from space 16384K, 31% used [0x00000000e7800000,0x00000000e7d04a98,0x00000000e8800000)
  to   space 18432K, 0% used [0x00000000e6400000,0x00000000e6400000,0x00000000e7600000)
 ParOldGen       total 143360K, used 86663K [0x00000000a0000000, 0x00000000a8c00000, 0x00000000e0000000)
  object space 143360K, 60% used [0x00000000a0000000,0x00000000a54a1db0,0x00000000a8c00000)
 Metaspace       used 73418K, capacity 76942K, committed 77224K, reserved 1116160K
  class space    used 9836K, capacity 10609K, committed 10672K, reserved 1048576K
}

Deoptimization events (10 events):
Event: 1546.412 Thread 0x000000001d330800 Uncommon trap: reason=class_check action=maybe_recompile pc=0x0000000003163714 method=java.lang.String.equals(Ljava/lang/Object;)Z @ 8
Event: 1546.412 Thread 0x000000001d330800 Uncommon trap: reason=class_check action=maybe_recompile pc=0x0000000003163714 method=java.lang.String.equals(Ljava/lang/Object;)Z @ 8
Event: 1546.412 Thread 0x000000001d330800 Uncommon trap: reason=class_check action=maybe_recompile pc=0x0000000003163714 method=java.lang.String.equals(Ljava/lang/Object;)Z @ 8
Event: 1546.412 Thread 0x000000001d330800 Uncommon trap: reason=class_check action=maybe_recompile pc=0x0000000003163714 method=java.lang.String.equals(Ljava/lang/Object;)Z @ 8
Event: 1546.486 Thread 0x000000001d332000 Uncommon trap: reason=unstable_if action=reinterpret pc=0x00000000042a7288 method=com.esotericsoftware.kryo.io.Input.require(I)I @ 180
Event: 1552.897 Thread 0x000000001d330800 Uncommon trap: reason=class_check action=maybe_recompile pc=0x000000000432de68 method=java.util.regex.Pattern$Loop.match(Ljava/util/regex/Matcher;ILjava/lang/CharSequence;)Z @ 139
Event: 1553.147 Thread 0x000000001deb7800 Uncommon trap: reason=unstable_if action=reinterpret pc=0x000000000373c00c method=java.util.concurrent.ConcurrentLinkedQueue.poll()Ljava/lang/Object; @ 74
Event: 1553.175 Thread 0x000000001deba800 Uncommon trap: reason=unstable_if action=reinterpret pc=0x0000000003b521c0 method=java.util.concurrent.ConcurrentLinkedQueue.poll()Ljava/lang/Object; @ 25
Event: 1563.753 Thread 0x000000001d330800 Uncommon trap: reason=bimorphic action=maybe_recompile pc=0x0000000003e9579c method=org.gradle.internal.logging.text.AbstractStyledTextOutput.text(Ljava/lang/Object;)Lorg/gradle/internal/logging/text/StyledTextOutput; @ 11
Event: 1699.023 Thread 0x000000001deb3000 Uncommon trap: reason=unstable_if action=reinterpret pc=0x0000000004880950 method=java.text.SimpleDateFormat.zeroPaddingNumber(IIILjava/lang/StringBuffer;)V @ 41

Classes redefined (0 events):
No events

Internal exceptions (10 events):
Event: 1527.139 Thread 0x000000001d330800 Implicit null exception at 0x0000000004251dd4 to 0x0000000004251fc9
Event: 1546.279 Thread 0x000000001deb1800 Exception <a 'java/lang/reflect/InvocationTargetException'> (0x00000000e34711e0) thrown at [C:\src\AOSP-openjdk-git\hotspot\src\share\vm\runtime\reflection.cpp, line 1092]
Event: 1546.292 Thread 0x000000001d330800 Exception <a 'sun/nio/fs/WindowsException'> (0x00000000e35a45e8) thrown at [C:\src\AOSP-openjdk-git\hotspot\src\share\vm\prims\jni.cpp, line 710]
Event: 1546.458 Thread 0x000000001d336000 Exception <a 'java/lang/NoSuchMethodError': <clinit>> (0x00000000e390a328) thrown at [C:\src\AOSP-openjdk-git\hotspot\src\share\vm\prims\jni.cpp, line 1615]
Event: 1546.458 Thread 0x000000001d336000 Exception <a 'java/lang/NoSuchMethodError': <clinit>> (0x00000000e3919cf8) thrown at [C:\src\AOSP-openjdk-git\hotspot\src\share\vm\prims\jni.cpp, line 1615]
Event: 1546.458 Thread 0x000000001d336000 Exception <a 'java/lang/NoSuchMethodError': <clinit>> (0x00000000e391c1a8) thrown at [C:\src\AOSP-openjdk-git\hotspot\src\share\vm\prims\jni.cpp, line 1615]
Event: 1546.459 Thread 0x000000001d336000 Exception <a 'java/lang/NoSuchMethodError': <clinit>> (0x00000000e392c320) thrown at [C:\src\AOSP-openjdk-git\hotspot\src\share\vm\prims\jni.cpp, line 1615]
Event: 1546.460 Thread 0x000000001d336000 Exception <a 'java/lang/NoSuchMethodError': <clinit>> (0x00000000e3937730) thrown at [C:\src\AOSP-openjdk-git\hotspot\src\share\vm\prims\jni.cpp, line 1615]
Event: 1563.744 Thread 0x000000001deb0800 Exception <a 'java/lang/reflect/InvocationTargetException'> (0x00000000e1a10ab8) thrown at [C:\src\AOSP-openjdk-git\hotspot\src\share\vm\runtime\reflection.cpp, line 1092]
Event: 1563.752 Thread 0x000000001d330800 Exception <a 'sun/nio/fs/WindowsException'> (0x00000000e1b01880) thrown at [C:\src\AOSP-openjdk-git\hotspot\src\share\vm\prims\jni.cpp, line 710]

Events (10 events):
Event: 1818.925 Executing VM operation: RevokeBias
Event: 1818.925 Executing VM operation: RevokeBias done
Event: 1818.935 Thread 0x0000000020c35000 DEOPT PACKING pc=0x0000000003f90928 sp=0x000000002725cab0
Event: 1818.935 Thread 0x0000000020c35000 DEOPT UNPACKING pc=0x0000000002ff75d0 sp=0x000000002725c758 mode 0
Event: 1818.964 Thread 0x0000000020c38000 Thread added: 0x0000000020c38000
Event: 1818.974 Executing VM operation: RevokeBias
Event: 1818.974 Executing VM operation: RevokeBias done
Event: 1819.034 Thread 0x0000000020c39000 Thread added: 0x0000000020c39000
Event: 1819.038 Thread 0x0000000020c39800 Thread added: 0x0000000020c39800
Event: 1819.038 Thread 0x000000001d332000 Thread added: 0x000000001d332000


Dynamic libraries:
0x00007ff772a50000 - 0x00007ff772a81000 	C:\Program Files\Android\Android Studio\jre\bin\java.exe
0x00007fff5d180000 - 0x00007fff5d370000 	C:\WINDOWS\SYSTEM32\ntdll.dll
0x00007fff5ba00000 - 0x00007fff5bab2000 	C:\WINDOWS\System32\KERNEL32.DLL
0x00007fff5aca0000 - 0x00007fff5af44000 	C:\WINDOWS\System32\KERNELBASE.dll
0x00007fff5bac0000 - 0x00007fff5bb63000 	C:\WINDOWS\System32\ADVAPI32.dll
0x00007fff5c290000 - 0x00007fff5c32e000 	C:\WINDOWS\System32\msvcrt.dll
0x00007fff5d070000 - 0x00007fff5d107000 	C:\WINDOWS\System32\sechost.dll
0x00007fff5bb70000 - 0x00007fff5bc90000 	C:\WINDOWS\System32\RPCRT4.dll
0x00007fff5bc90000 - 0x00007fff5be24000 	C:\WINDOWS\System32\USER32.dll
0x00007fff5ac70000 - 0x00007fff5ac91000 	C:\WINDOWS\System32\win32u.dll
0x00007fff5c1d0000 - 0x00007fff5c1f6000 	C:\WINDOWS\System32\GDI32.dll
0x00007fff5a130000 - 0x00007fff5a2c5000 	C:\WINDOWS\System32\gdi32full.dll
0x00007fff5a350000 - 0x00007fff5a3ee000 	C:\WINDOWS\System32\msvcp_win.dll
0x00007fff5af80000 - 0x00007fff5b07a000 	C:\WINDOWS\System32\ucrtbase.dll
0x00007fff4d060000 - 0x00007fff4d2e4000 	C:\WINDOWS\WinSxS\amd64_microsoft.windows.common-controls_6595b64144ccf1df_6.0.18362.900_none_e6beb9d913147d17\COMCTL32.dll
0x00007fff5c3b0000 - 0x00007fff5c6e5000 	C:\WINDOWS\System32\combase.dll
0x00007fff5a2d0000 - 0x00007fff5a350000 	C:\WINDOWS\System32\bcryptPrimitives.dll
0x00007fff5d110000 - 0x00007fff5d13e000 	C:\WINDOWS\System32\IMM32.DLL
0x000000006c9a0000 - 0x000000006ca72000 	C:\Program Files\Android\Android Studio\jre\jre\bin\msvcr100.dll
0x000000006cb60000 - 0x000000006d3ab000 	C:\Program Files\Android\Android Studio\jre\jre\bin\server\jvm.dll
0x00007fff5c220000 - 0x00007fff5c228000 	C:\WINDOWS\System32\PSAPI.DLL
0x00007fff55fe0000 - 0x00007fff55fea000 	C:\WINDOWS\SYSTEM32\VERSION.dll
0x00007fff45e70000 - 0x00007fff45e79000 	C:\WINDOWS\SYSTEM32\WSOCK32.dll
0x00007fff570f0000 - 0x00007fff57114000 	C:\WINDOWS\SYSTEM32\WINMM.dll
0x00007fff5bea0000 - 0x00007fff5bf0f000 	C:\WINDOWS\System32\WS2_32.dll
0x00007fff570c0000 - 0x00007fff570ed000 	C:\WINDOWS\SYSTEM32\WINMMBASE.dll
0x00007fff5ab70000 - 0x00007fff5abba000 	C:\WINDOWS\System32\cfgmgr32.dll
0x00007fff4efa0000 - 0x00007fff4efaf000 	C:\Program Files\Android\Android Studio\jre\jre\bin\verify.dll
0x00007fff42780000 - 0x00007fff427a9000 	C:\Program Files\Android\Android Studio\jre\jre\bin\java.dll
0x00007fff4da90000 - 0x00007fff4daa6000 	C:\Program Files\Android\Android Studio\jre\jre\bin\zip.dll
0x00007fff5c980000 - 0x00007fff5d066000 	C:\WINDOWS\System32\SHELL32.dll
0x00007fff5c120000 - 0x00007fff5c1c9000 	C:\WINDOWS\System32\shcore.dll
0x00007fff5a3f0000 - 0x00007fff5ab70000 	C:\WINDOWS\System32\windows.storage.dll
0x00007fff5a0c0000 - 0x00007fff5a0e3000 	C:\WINDOWS\System32\profapi.dll
0x00007fff5a070000 - 0x00007fff5a0ba000 	C:\WINDOWS\System32\powrprof.dll
0x00007fff5a040000 - 0x00007fff5a050000 	C:\WINDOWS\System32\UMPDC.dll
0x00007fff5c230000 - 0x00007fff5c282000 	C:\WINDOWS\System32\shlwapi.dll
0x00007fff5a050000 - 0x00007fff5a061000 	C:\WINDOWS\System32\kernel.appcore.dll
0x00007fff5a110000 - 0x00007fff5a127000 	C:\WINDOWS\System32\cryptsp.dll
0x00007fff47950000 - 0x00007fff4796a000 	C:\Program Files\Android\Android Studio\jre\jre\bin\net.dll
0x00007fff598b0000 - 0x00007fff59917000 	C:\WINDOWS\system32\mswsock.dll
0x00007fff47210000 - 0x00007fff47223000 	C:\Program Files\Android\Android Studio\jre\jre\bin\nio.dll
0x00007fff4dce0000 - 0x00007fff4dd06000 	C:\Users\Marcello\.gradle\native\30\windows-amd64\native-platform.dll
0x00007fff4ef90000 - 0x00007fff4ef9d000 	C:\Program Files\Android\Android Studio\jre\jre\bin\management.dll
0x00007fff59420000 - 0x00007fff59453000 	C:\WINDOWS\system32\rsaenh.dll
0x00007fff5af50000 - 0x00007fff5af76000 	C:\WINDOWS\System32\bcrypt.dll
0x00007fff59f30000 - 0x00007fff59f55000 	C:\WINDOWS\SYSTEM32\USERENV.dll
0x00007fff59a80000 - 0x00007fff59a8c000 	C:\WINDOWS\SYSTEM32\CRYPTBASE.dll
0x00007fff595c0000 - 0x00007fff595fa000 	C:\WINDOWS\SYSTEM32\IPHLPAPI.DLL
0x00007fff5b3d0000 - 0x00007fff5b3d8000 	C:\WINDOWS\System32\NSI.dll
0x00007fff54bb0000 - 0x00007fff54bc6000 	C:\WINDOWS\SYSTEM32\dhcpcsvc6.DLL
0x00007fff54dc0000 - 0x00007fff54ddc000 	C:\WINDOWS\SYSTEM32\dhcpcsvc.DLL
0x00007fff59600000 - 0x00007fff596cb000 	C:\WINDOWS\SYSTEM32\DNSAPI.dll

VM Arguments:
jvm_args: -Xmx1536M -Dfile.encoding=windows-1252 -Duser.country=US -Duser.language=en -Duser.variant 
java_command: org.gradle.launcher.daemon.bootstrap.GradleDaemon 5.6.2
java_class_path (initial): C:\Users\Marcello\.gradle\wrapper\dists\gradle-5.6.2-all\9st6wgf78h16so49nn74lgtbb\gradle-5.6.2\lib\gradle-launcher-5.6.2.jar
Launcher Type: SUN_STANDARD

Environment Variables:
JAVA_HOME=C:\Program Files\Android\Android Studio\jre
CLASSPATH=C:\Users\Marcello\Desktop\softwareproject\study-habit-tracker\android\\gradle\wrapper\gradle-wrapper.jar
USERNAME=Marcello
OS=Windows_NT
PROCESSOR_IDENTIFIER=Intel64 Family 6 Model 142 Stepping 10, GenuineIntel



---------------  S Y S T E M  ---------------

OS: Windows 10.0 , 64 bit Build 18362 (10.0.18362.900)

CPU:total 8 (initial active 8) (4 cores per cpu, 2 threads per core) family 6 model 142 stepping 10, cmov, cx8, fxsr, mmx, sse, sse2, sse3, ssse3, sse4.1, sse4.2, popcnt, avx, avx2, aes, clmul, erms, 3dnowpref, lzcnt, ht, tsc, tscinvbit, bmi1, bmi2, adx

Memory: 4k page, physical 12462668k(3312396k free), swap 13889100k(178184k free)

vm_info: OpenJDK 64-Bit Server VM (25.242-b01) for windows-amd64 JRE (1.8.0_242-release-1644-b01), built by "builder" with MS VC++ 10.0 (VS2010)

time: Wed Jul 22 15:22:47 2020
timezone: Central Daylight Time
elapsed time: 1823 seconds (0d 0h 30m 23s)

