JvmtiExport can_access_local_variables 0
JvmtiExport can_hotswap_or_post_breakpoint 0
JvmtiExport can_post_on_exceptions 0
# 289 ciObject found
ciMethod java/lang/Object <init> ()V 4097 1 1741236 0 0
ciMethod java/lang/Object getClass ()Ljava/lang/Class; 2049 1 256 0 -1
ciMethod java/lang/Object hashCode ()I 2049 1 256 0 -1
ciMethod java/lang/Object equals (Ljava/lang/Object;)Z 2049 1 49475 0 -1
ciMethod java/lang/Comparable compareTo (Ljava/lang/Object;)I 0 0 1 0 -1
ciMethod java/lang/String equals (Ljava/lang/Object;)Z 2089 12393 3035 0 -1
ciMethod java/lang/String compareTo (Ljava/lang/String;)I 1033 20681 3689 0 -1
ciMethod java/lang/Class isInstance (Ljava/lang/Object;)Z 2049 1 256 0 -1
ciMethod java/lang/Class getName ()Ljava/lang/String; 2049 1 70203 0 -1
ciMethod java/lang/Class getGenericInterfaces ()[Ljava/lang/reflect/Type; 185 1 2361 0 -1
ciMethod java/lang/System identityHashCode (Ljava/lang/Object;)I 3073 1 384 0 -1
ciMethod java/lang/Throwable getCause ()Ljava/lang/Throwable; 0 0 1 0 -1
ciMethod java/util/Map get (Ljava/lang/Object;)Ljava/lang/Object; 0 0 1 0 -1
ciMethod java/util/Map put (Ljava/lang/Object;Ljava/lang/Object;)Ljava/lang/Object; 0 0 1 0 -1
ciMethod java/util/Map remove (Ljava/lang/Object;)Ljava/lang/Object; 0 0 1 0 -1
ciMethod java/lang/reflect/Method getName ()Ljava/lang/String; 1025 1 128 0 0
ciMethod java/lang/Boolean valueOf (Z)Ljava/lang/Boolean; 689 1 7261 0 -1
ciMethod java/lang/Integer valueOf (I)Ljava/lang/Integer; 2097 1 23002 0 -1
ciMethod java/lang/Long hashCode (J)I 2105 1 9766 0 0
ciMethod java/util/List size ()I 0 0 1 0 -1
ciMethod java/util/List iterator ()Ljava/util/Iterator; 0 0 1 0 -1
ciMethod java/util/List add (Ljava/lang/Object;)Z 0 0 1 0 -1
ciMethod java/util/List addAll (Ljava/util/Collection;)Z 0 0 1 0 -1
ciMethod java/util/List get (I)Ljava/lang/Object; 0 0 1 0 -1
ciMethod java/util/ArrayList iterator ()Ljava/util/Iterator; 2065 1 7074 0 160
ciMethod java/util/Set contains (Ljava/lang/Object;)Z 0 0 1 0 -1
ciMethod java/util/Set add (Ljava/lang/Object;)Z 0 0 1 0 -1
ciMethod java/util/Set remove (Ljava/lang/Object;)Z 0 0 1 0 -1
ciMethod java/util/HashMap hash (Ljava/lang/Object;)I 2153 1 82355 0 160
ciMethod java/util/HashMap comparableClassFor (Ljava/lang/Object;)Ljava/lang/Class; 2193 1 1467 0 0
ciMethod java/util/HashMap compareComparables (Ljava/lang/Class;Ljava/lang/Object;Ljava/lang/Object;)I 0 0 1 0 0
ciMethod java/util/HashMap get (Ljava/lang/Object;)Ljava/lang/Object; 3105 1 22268 0 640
ciMethod java/util/HashMap getNode (ILjava/lang/Object;)Ljava/util/HashMap$Node; 2089 1 10794 0 -1
ciMethod java/util/HashMap put (Ljava/lang/Object;Ljava/lang/Object;)Ljava/lang/Object; 825 1 15097 0 1248
ciMethod java/util/HashMap putVal (ILjava/lang/Object;Ljava/lang/Object;ZZ)Ljava/lang/Object; 857 9 19720 0 1536
ciMethod java/util/HashMap resize ()[Ljava/util/HashMap$Node; 793 945 6423 0 -1
ciMethod java/util/HashMap treeifyBin ([Ljava/util/HashMap$Node;I)V 1 1 27 0 0
ciMethod java/util/HashMap removeNode (ILjava/lang/Object;Ljava/lang/Object;ZZ)Ljava/util/HashMap$Node; 1 1 5154 0 -1
ciMethod java/util/HashMap putIfAbsent (Ljava/lang/Object;Ljava/lang/Object;)Ljava/lang/Object; 2073 1 12553 0 -1
ciMethod java/util/HashMap newNode (ILjava/lang/Object;Ljava/lang/Object;Ljava/util/HashMap$Node;)Ljava/util/HashMap$Node; 2113 1 5389 0 224
ciMethod java/util/HashMap newTreeNode (ILjava/lang/Object;Ljava/lang/Object;Ljava/util/HashMap$Node;)Ljava/util/HashMap$TreeNode; 0 0 1 0 0
ciMethod java/util/HashMap replacementTreeNode (Ljava/util/HashMap$Node;Ljava/util/HashMap$Node;)Ljava/util/HashMap$TreeNode; 0 0 1 0 -1
ciMethod java/util/HashMap afterNodeAccess (Ljava/util/HashMap$Node;)V 2065 1 1302 0 0
ciMethod java/util/HashMap afterNodeInsertion (Z)V 2401 1 1344 0 0
ciMethod java/util/HashMap$Node <init> (ILjava/lang/Object;Ljava/lang/Object;Ljava/util/HashMap$Node;)V 2113 1 11053 0 0
ciMethod java/util/Iterator hasNext ()Z 0 0 1 0 -1
ciMethod java/util/Iterator next ()Ljava/lang/Object; 0 0 1 0 -1
ciMethod java/util/LinkedHashMap linkNodeLast (Ljava/util/LinkedHashMap$Entry;)V 2065 1 5438 0 0
ciMethod java/util/LinkedHashMap newNode (ILjava/lang/Object;Ljava/lang/Object;Ljava/util/HashMap$Node;)Ljava/util/HashMap$Node; 2057 1 5383 0 288
ciMethod java/util/LinkedHashMap newTreeNode (ILjava/lang/Object;Ljava/lang/Object;Ljava/util/HashMap$Node;)Ljava/util/HashMap$TreeNode; 441 1 55 0 0
ciMethod java/util/LinkedHashMap afterNodeInsertion (Z)V 3177 1 14169 0 128
ciMethod java/util/LinkedHashMap afterNodeAccess (Ljava/util/HashMap$Node;)V 793 1 5263 0 288
ciMethod java/util/LinkedHashMap removeEldestEntry (Ljava/util/Map$Entry;)Z 1033 1 129 0 0
ciMethod java/util/LinkedHashMap$Entry <init> (ILjava/lang/Object;Ljava/lang/Object;Ljava/util/HashMap$Node;)V 2057 1 5664 0 0
ciMethodData java/lang/Object <init> ()V 2 1741236 orig 264 88 29 17 109 0 0 0 0 128 4 229 21 0 0 0 0 32 1 0 0 0 0 0 0 0 0 0 0 0 0 0 0 0 0 0 0 0 0 0 0 0 0 0 0 0 0 0 0 0 0 0 0 0 0 0 0 0 0 0 0 0 0 0 0 0 0 0 0 0 0 0 0 0 0 0 0 0 0 0 0 77 68 79 32 101 120 116 114 97 32 100 97 116 97 32 108 111 99 107 0 0 0 0 0 0 0 0 0 0 0 0 0 0 0 0 0 0 0 0 0 0 0 0 0 0 0 0 0 0 0 0 0 0 0 0 0 0 0 0 0 0 0 0 0 0 0 0 0 0 0 0 0 0 0 0 0 0 0 0 0 0 0 0 0 0 0 0 0 0 0 0 0 0 0 0 0 0 0 0 0 0 0 0 0 1 0 0 0 0 0 0 0 1 0 0 0 0 0 0 0 1 0 0 0 0 0 0 0 0 0 0 0 0 0 0 0 0 2 0 0 161 125 212 0 1 0 0 0 0 0 0 0 0 0 0 0 2 0 0 0 0 0 3 0 1 0 0 0 0 0 0 0 255 255 255 255 0 0 0 0 0 0 0 0 data 0 oops 0
ciMethod java/util/HashMap$TreeNode <init> (ILjava/lang/Object;Ljava/lang/Object;Ljava/util/HashMap$Node;)V 2169 1 271 0 -1
ciMethod java/util/HashMap$TreeNode root ()Ljava/util/HashMap$TreeNode; 0 0 1 0 0
ciMethod java/util/HashMap$TreeNode moveRootToFront ([Ljava/util/HashMap$Node;Ljava/util/HashMap$TreeNode;)V 665 1 83 0 0
ciMethod java/util/HashMap$TreeNode find (ILjava/lang/Object;Ljava/lang/Class;)Ljava/util/HashMap$TreeNode; 2057 1257 1008 0 0
ciMethod java/util/HashMap$TreeNode tieBreakOrder (Ljava/lang/Object;Ljava/lang/Object;)I 2121 1 667 0 0
ciMethod java/util/HashMap$TreeNode treeify ([Ljava/util/HashMap$Node;)V 225 4665 28 0 -1
ciMethod java/util/HashMap$TreeNode putTreeVal (Ljava/util/HashMap;[Ljava/util/HashMap$Node;ILjava/lang/Object;Ljava/lang/Object;)Ljava/util/HashMap$TreeNode; 57 25 287 0 0
ciMethod java/util/HashMap$TreeNode split (Ljava/util/HashMap;[Ljava/util/HashMap$Node;II)V 17 153 24 0 -1
ciMethod java/util/HashMap$TreeNode rotateLeft (Ljava/util/HashMap$TreeNode;Ljava/util/HashMap$TreeNode;)Ljava/util/HashMap$TreeNode; 665 1 83 0 -1
ciMethod java/util/HashMap$TreeNode rotateRight (Ljava/util/HashMap$TreeNode;Ljava/util/HashMap$TreeNode;)Ljava/util/HashMap$TreeNode; 569 1 71 0 -1
ciMethod java/util/HashMap$TreeNode balanceInsertion (Ljava/util/HashMap$TreeNode;Ljava/util/HashMap$TreeNode;)Ljava/util/HashMap$TreeNode; 2113 1545 279 0 0
ciMethod java/util/HashMap$TreeNode checkInvariants (Ljava/util/HashMap$TreeNode;)Z 0 0 1 0 -1
ciMethod java/util/HashSet add (Ljava/lang/Object;)Z 2113 1 18715 0 160
ciMethodData java/util/HashMap hash (Ljava/lang/Object;)I 2 82355 orig 264 88 29 17 109 0 0 0 0 240 165 243 21 0 0 0 0 176 1 0 0 0 0 0 0 0 0 0 0 0 0 0 0 0 0 0 0 0 0 0 0 0 0 0 0 0 0 0 0 0 0 0 0 0 0 0 0 0 0 0 0 0 0 0 0 0 0 0 0 0 0 0 0 0 0 0 0 0 0 0 0 77 68 79 32 101 120 116 114 97 32 100 97 116 97 32 108 111 99 107 0 0 0 0 0 0 0 0 0 0 0 0 0 0 0 0 0 0 0 0 0 0 0 0 0 0 0 0 0 0 0 0 0 0 0 0 0 0 0 0 0 0 0 0 0 1 0 0 0 1 0 0 0 0 0 0 0 0 0 0 0 0 0 0 0 0 0 0 0 0 0 0 0 0 0 0 0 0 0 0 3 0 0 0 0 17 0 0 0 0 0 0 0 0 0 0 0 0 0 0 0 0 0 0 0 0 0 0 0 0 0 0 0 0 0 0 0 13 1 0 0 49 5 10 0 1 0 0 0 140 174 0 0 0 0 0 0 2 0 0 0 0 0 6 0 2 0 0 0 104 0 0 0 255 255 255 255 7 224 1 0 0 0 0 0 data 13 0x1e007 0x14041 0x38 0x69 0x50003 0x69 0x48 0x90005 0x9d72 0x28abc30 0x8655 0x28abcc0 0x1b75 oops 2 9 java/lang/String 11 java/lang/Class
ciMethodData java/util/HashMap put (Ljava/lang/Object;Ljava/lang/Object;)Ljava/lang/Object; 2 15097 orig 264 88 29 17 109 0 0 0 0 224 176 243 21 0 0 0 0 152 1 0 0 0 0 0 0 0 0 0 0 0 0 0 0 0 0 0 0 0 0 0 0 0 0 0 0 0 0 0 0 0 0 0 0 0 0 0 0 0 0 0 0 0 0 0 0 0 0 0 0 0 0 0 0 0 0 0 0 0 0 0 0 77 68 79 32 101 120 116 114 97 32 100 97 116 97 32 108 111 99 107 0 0 0 0 0 0 0 0 0 0 0 0 0 0 0 0 0 0 0 0 0 0 0 0 0 0 0 0 0 0 0 0 0 0 0 0 0 0 0 0 0 0 0 0 0 2 0 0 0 0 0 0 0 0 0 0 0 0 0 0 0 0 0 0 0 0 0 0 0 0 0 0 0 0 0 0 0 0 0 0 0 0 0 0 0 17 0 0 0 0 0 0 0 0 0 0 0 0 0 0 0 0 0 0 0 0 0 0 0 0 0 0 0 0 0 0 0 103 0 0 0 145 212 1 0 1 0 0 0 212 21 0 0 0 0 0 0 2 0 0 0 0 0 7 0 2 0 0 0 64 0 0 0 255 255 255 255 2 0 2 0 0 0 0 0 data 8 0x20002 0x3a92 0x90005 0x1d4 0x1ca4aa40 0x217d 0x19b7f2b0 0x1742 oops 2 4 java/util/HashMap 6 java/util/LinkedHashMap
ciMethodData java/util/HashMap putVal (ILjava/lang/Object;Ljava/lang/Object;ZZ)Ljava/lang/Object; 2 19720 orig 264 88 29 17 109 0 0 0 0 192 178 243 21 0 0 0 0 176 6 0 0 0 2 0 0 0 0 0 0 0 0 0 0 0 0 0 0 0 0 0 0 0 0 0 0 0 0 0 0 0 0 0 0 0 0 0 0 0 0 0 0 0 0 0 0 0 0 0 0 0 0 0 0 0 0 0 0 0 0 0 0 77 68 79 32 101 120 116 114 97 32 100 97 116 97 32 108 111 99 107 0 0 0 0 0 0 0 0 0 0 0 0 0 0 0 0 0 0 0 0 0 0 0 0 0 0 0 0 0 0 0 0 0 0 0 0 0 0 0 0 0 0 0 0 0 3 0 0 0 1 0 0 0 0 0 0 0 0 0 0 0 0 0 0 0 0 0 0 5 0 0 0 0 0 0 0 0 0 4 0 3 0 0 0 0 0 0 0 0 0 0 0 0 0 0 0 0 0 0 0 0 0 0 0 0 0 0 0 0 0 0 0 0 0 0 0 0 107 0 0 0 233 100 2 0 1 111 0 0 3 45 0 0 94 6 0 0 2 0 0 0 1 0 50 0 2 0 0 0 64 5 0 0 255 255 255 255 7 0 7 0 0 0 0 0 data 168 0x70007 0xd9e 0x40 0x3eff 0x100007 0x3eff 0x50 0x0 0x140005 0xfd 0x19b7f2b0 0xad3 0x1ca4aa40 0x1ce 0x2c0007 0x2187 0x98 0x2b16 0x380005 0x4b 0x1ca4aa40 0x1049 0x19b7f2b0 0x1a86 0x3b0004 0x0 0x221830f0 0x1078 0x1a076a50 0x1aa2 0x3c0003 0x2b1a 0x3d0 0x450007 0x10b6 0xc8 0x10d1 0x510007 0xc4 0x90 0x100d 0x550007 0x2 0x88 0x100b 0x5b0005 0xf58 0x297c010 0x8f 0x1a076b00 0x24 0x5e0007 0x685 0x38 0x986 0x650003 0xa4a 0x278 0x6a0004 0xffffffffffffe98f 0x221830f0 0x46 0x1a076a50 0x9f 0x6de007 0x1671 0x98 0xce 0x720004 0x0 0x22184250 0xce 0x0 0x0 0x7b0005 0x7 0x22184250 0xc7 0x0 0x0 0x800003 0xce 0x1b0 0x8e0007 0x1262 0xb8 0x11ef 0x980005 0x2d 0x1ca4aa40 0x791 0x19b7f2b0 0xa31 0xa20007 0x11dc 0x148 0x13 0xa90005 0x2 0x19b7f2b0 0x11 0x0 0x0 0xac0003 0x13 0xf8 0xb50007 0x5d7 0xc8 0xc8b 0xc10007 0x81 0xc0 0xc0a 0xc50007 0x0 0x88 0xc0a 0xcb7005 0xbbf 0x297c010 0x20 0x28abc30 0x2c 0xce0007 0x809 0x38 0x402 0xd10003 0x402 0x30 0xdb0003 0xde0 0xfffffffffffffe80 0xe00007 0x1214 0x90 0xf76 0xece007 0x335 0x40 0xc42 0xf10007 0xc42 0x20 0x0 0xfdf005 0x98 0x19b7f2b0 0xe13 0x1ca4aa40 0xd0 0x11c0007 0x3acb 0x50 0x263 0x1200005 0x1c 0x1ca4aa40 0x173 0x19b7f2b0 0xd4 0x1270005 0x78 0x1ca4aa40 0x17da 0x19b7f2b0 0x24dc oops 23 10 java/util/LinkedHashMap 12 java/util/HashMap 20 java/util/HashMap 22 java/util/LinkedHashMap 26 java/util/HashMap$Node 28 java/util/LinkedHashMap$Entry 47 java/io/File 49 sun/misc/ProxyGenerator$ConstantPool$IndirectEntry 60 java/util/HashMap$Node 62 java/util/LinkedHashMap$Entry 70 java/util/HashMap$TreeNode 76 java/util/HashMap$TreeNode 89 java/util/HashMap 91 java/util/LinkedHashMap 99 java/util/LinkedHashMap 120 java/io/File 122 java/lang/String 148 java/util/LinkedHashMap 150 java/util/HashMap 158 java/util/HashMap 160 java/util/LinkedHashMap 164 java/util/HashMap 166 java/util/LinkedHashMap
ciMethod java/util/ArrayList$Itr <init> (Ljava/util/ArrayList;)V 2065 1 8449 0 96
ciMethodData java/util/HashMap$Node <init> (ILjava/lang/Object;Ljava/lang/Object;Ljava/util/HashMap$Node;)V 2 11053 orig 264 88 29 17 109 0 0 0 0 248 244 243 21 0 0 0 0 80 1 0 0 0 0 0 0 0 0 0 0 0 0 0 0 0 0 0 0 0 0 0 0 0 0 0 0 0 0 0 0 0 0 0 0 0 0 0 0 0 0 0 0 0 0 0 0 0 0 0 0 0 0 0 0 0 0 0 0 0 0 0 0 77 68 79 32 101 120 116 114 97 32 100 97 116 97 32 108 111 99 107 0 0 0 0 0 0 0 0 0 0 0 0 0 0 0 0 0 0 0 0 0 0 0 0 0 0 0 0 0 0 0 0 0 0 0 0 0 0 0 0 0 0 0 0 0 0 0 0 0 0 0 0 0 0 0 0 0 0 0 0 0 0 0 0 0 0 0 0 0 0 0 0 0 0 0 0 0 0 0 0 0 0 0 0 0 1 0 0 0 0 0 0 0 0 0 0 0 0 0 0 0 1 0 0 0 0 0 0 0 0 0 0 0 0 0 0 0 8 1 0 0 41 81 1 0 1 0 0 0 0 0 0 0 0 0 0 0 2 0 0 0 0 0 3 0 2 0 0 0 16 0 0 0 255 255 255 255 2 0 1 0 0 0 0 0 data 2 0x10002 0x2a25 oops 0
ciMethodData java/util/HashSet add (Ljava/lang/Object;)Z 2 18715 orig 264 88 29 17 109 0 0 0 0 104 218 13 22 0 0 0 0 184 1 0 0 0 0 0 0 0 0 0 0 0 0 0 0 0 0 0 0 0 0 0 0 0 0 0 0 0 0 0 0 0 0 0 0 0 0 0 0 0 0 0 0 0 0 0 0 0 0 0 0 0 0 0 0 0 0 0 0 0 0 0 0 77 68 79 32 101 120 116 114 97 32 100 97 116 97 32 108 111 99 107 0 0 0 0 0 0 0 0 0 0 0 0 0 0 0 0 0 0 0 0 0 0 0 0 0 0 0 0 0 0 0 0 0 0 0 0 0 0 0 0 0 0 0 0 0 0 0 0 0 0 0 0 0 0 0 0 0 0 0 0 0 0 0 0 0 0 0 0 0 0 0 0 0 0 0 0 0 0 0 0 0 0 0 0 0 17 0 0 0 0 0 0 0 0 0 0 0 0 0 0 0 1 0 0 0 0 0 0 0 0 0 0 0 0 0 0 0 8 1 0 0 153 64 2 0 1 0 0 0 0 0 0 0 0 0 0 0 2 0 0 0 0 0 6 0 2 0 0 0 104 0 0 0 255 255 255 255 5 0 8 0 0 0 0 0 data 13 0x80005 0x0 0x19b7f2b0 0x1aff 0x1ca4aa40 0x2d14 0xb0007 0x1f4 0x38 0x4628 0xf0003 0x4629 0x18 oops 2 2 java/util/LinkedHashMap 4 java/util/HashMap
ciMethodData java/util/HashMap newNode (ILjava/lang/Object;Ljava/lang/Object;Ljava/util/HashMap$Node;)Ljava/util/HashMap$Node; 2 5389 orig 264 88 29 17 109 0 0 0 0 88 206 243 21 0 0 0 0 80 1 0 0 0 0 0 0 0 0 0 0 0 0 0 0 0 0 0 0 0 0 0 0 0 0 0 0 0 0 0 0 0 0 0 0 0 0 0 0 0 0 0 0 0 0 0 0 0 0 0 0 0 0 0 0 0 0 0 0 0 0 0 0 77 68 79 32 101 120 116 114 97 32 100 97 116 97 32 108 111 99 107 0 0 0 0 0 0 0 0 0 0 0 0 0 0 0 0 0 0 0 0 0 0 0 0 0 0 0 0 0 0 0 0 0 0 0 0 0 0 0 0 0 0 0 0 0 0 0 0 0 0 0 0 0 0 0 0 0 0 0 0 0 0 0 0 0 0 0 0 0 0 0 0 0 0 0 0 0 0 0 0 0 0 0 0 0 0 0 0 0 0 0 0 0 0 0 0 0 0 0 0 0 0 0 0 0 0 0 0 0 0 0 0 0 0 0 0 0 8 1 0 0 41 160 0 0 1 0 0 0 0 0 0 0 0 0 0 0 2 0 0 0 0 0 3 0 2 0 0 0 16 0 0 0 255 255 255 255 2 0 9 0 0 0 0 0 data 2 0x90002 0x1405 oops 0
ciMethodData java/util/HashMap afterNodeInsertion (Z)V 2 1344 orig 264 88 29 17 109 0 0 0 0 32 210 243 21 0 0 0 0 40 1 0 0 0 0 0 0 0 0 0 0 0 0 0 0 0 0 0 0 0 0 0 0 0 0 0 0 0 0 0 0 0 0 0 0 0 0 0 0 0 0 0 0 0 0 0 0 0 0 0 0 0 0 0 0 0 0 0 0 0 0 0 0 77 68 79 32 101 120 116 114 97 32 100 97 116 97 32 108 111 99 107 0 0 0 0 0 0 0 0 0 0 0 0 0 0 0 0 0 0 0 0 0 0 0 0 0 0 0 0 0 0 0 0 0 0 0 0 0 0 0 0 0 0 0 0 0 0 0 0 0 0 0 0 0 0 0 0 0 0 0 0 0 0 0 0 0 0 0 0 0 0 0 0 0 0 0 0 0 0 0 0 0 0 0 0 0 0 0 0 0 0 0 0 0 0 0 0 0 0 0 0 0 0 0 0 0 0 0 0 0 0 0 0 0 0 0 0 0 44 1 0 0 161 32 0 0 1 0 0 0 0 0 0 0 0 0 0 0 2 0 0 0 0 0 3 0 1 0 0 0 0 0 0 0 255 255 255 255 0 0 0 0 0 0 0 0 data 0 oops 0
ciMethodData java/util/LinkedHashMap newNode (ILjava/lang/Object;Ljava/lang/Object;Ljava/util/HashMap$Node;)Ljava/util/HashMap$Node; 2 5383 orig 264 88 29 17 109 0 0 0 0 0 77 251 21 0 0 0 0 96 1 0 0 0 0 0 0 0 0 0 0 0 0 0 0 0 0 0 0 0 0 0 0 0 0 0 0 0 0 0 0 0 0 0 0 0 0 0 0 0 0 0 0 0 0 0 0 0 0 0 0 0 0 0 0 0 0 0 0 0 0 0 0 77 68 79 32 101 120 116 114 97 32 100 97 116 97 32 108 111 99 107 0 0 0 0 0 0 0 0 0 0 0 0 0 0 0 0 0 0 0 0 0 0 0 0 0 0 0 0 0 0 0 0 0 0 0 0 0 0 0 0 0 0 0 0 0 0 0 0 0 0 0 0 0 0 0 0 0 0 0 0 0 0 0 0 0 0 0 0 0 0 0 0 0 0 0 0 0 0 0 0 0 0 0 0 0 0 0 0 0 0 0 0 0 0 0 0 0 0 0 0 0 0 0 0 0 0 0 0 0 0 0 0 0 0 0 0 0 0 1 0 0 49 160 0 0 1 0 0 0 0 0 0 0 0 0 0 0 2 0 0 0 0 0 7 0 2 0 0 0 32 0 0 0 255 255 255 255 2 0 9 0 0 0 0 0 data 4 0x90002 0x1406 0x110002 0x1406 oops 0
ciMethodData java/util/LinkedHashMap$Entry <init> (ILjava/lang/Object;Ljava/lang/Object;Ljava/util/HashMap$Node;)V 2 5664 orig 264 88 29 17 109 0 0 0 0 8 165 251 21 0 0 0 0 80 1 0 0 0 0 0 0 0 0 0 0 0 0 0 0 0 0 0 0 0 0 0 0 0 0 0 0 0 0 0 0 0 0 0 0 0 0 0 0 0 0 0 0 0 0 0 0 0 0 0 0 0 0 0 0 0 0 0 0 0 0 0 0 77 68 79 32 101 120 116 114 97 32 100 97 116 97 32 108 111 99 107 0 0 0 0 0 0 0 0 0 0 0 0 0 0 0 0 0 0 0 0 0 0 0 0 0 0 0 0 0 0 0 0 0 0 0 0 0 0 0 0 0 0 0 0 0 0 0 0 0 0 0 0 0 0 0 0 0 0 0 0 0 0 0 0 0 0 0 0 0 0 0 0 0 0 0 0 0 0 0 0 0 0 0 0 0 1 0 0 0 0 0 0 0 0 0 0 0 0 0 0 0 1 0 0 0 0 0 0 0 0 0 0 0 0 0 0 0 1 1 0 0 249 168 0 0 1 0 0 0 0 0 0 0 0 0 0 0 2 0 0 0 0 0 3 0 2 0 0 0 16 0 0 0 255 255 255 255 2 0 6 0 0 0 0 0 data 2 0x60002 0x151f oops 0
ciMethodData java/util/LinkedHashMap linkNodeLast (Ljava/util/LinkedHashMap$Entry;)V 2 5438 orig 264 88 29 17 109 0 0 0 0 224 74 251 21 0 0 0 0 96 1 0 0 0 0 0 0 0 0 0 0 0 0 0 0 0 0 0 0 0 0 0 0 0 0 0 0 0 0 0 0 0 0 0 0 0 0 0 0 0 0 0 0 0 0 0 0 0 0 0 0 0 0 0 0 0 0 0 0 0 0 0 0 77 68 79 32 101 120 116 114 97 32 100 97 116 97 32 108 111 99 107 0 0 0 0 0 0 0 0 0 0 0 0 0 0 0 0 0 0 0 0 0 0 0 0 0 0 0 0 0 0 0 0 0 0 0 0 0 0 0 0 0 0 0 0 0 0 0 0 0 0 0 0 0 0 0 0 0 0 0 0 0 0 0 0 0 0 0 0 0 0 0 0 0 0 0 0 0 0 0 0 0 0 0 0 0 17 0 0 0 0 0 0 0 0 0 0 0 0 0 0 0 1 0 0 0 0 0 0 0 0 0 0 0 0 0 0 0 2 1 0 0 225 161 0 0 1 0 0 0 0 0 0 0 0 0 0 0 2 0 0 0 0 0 0 0 0 0 0 0 56 0 0 0 255 255 255 255 7 0 11 0 0 0 0 0 data 7 0xb0007 0x1287 0x38 0x1b5 0x130003 0x1b5 0x18 oops 0
ciMethodData java/util/LinkedHashMap afterNodeInsertion (Z)V 2 14169 orig 264 88 29 17 109 0 0 0 0 176 80 251 21 0 0 0 0 32 2 0 0 0 0 0 0 0 0 0 0 0 0 0 0 0 0 0 0 0 0 0 0 0 0 0 0 0 0 0 0 0 0 0 0 0 0 0 0 0 0 0 0 0 0 0 0 0 0 0 0 0 0 0 0 0 0 0 0 0 0 0 0 77 68 79 32 101 120 116 114 97 32 100 97 116 97 32 108 111 99 107 0 0 0 0 0 0 0 0 0 0 0 0 0 0 0 0 0 0 0 0 0 0 0 0 0 0 0 0 0 0 0 0 0 0 0 0 0 0 0 0 0 0 0 0 0 1 0 0 0 0 0 0 0 0 0 0 0 0 0 0 0 0 0 0 0 0 0 0 0 0 0 0 0 0 0 0 0 0 0 0 1 0 0 0 0 0 0 0 0 0 0 0 0 0 0 0 0 0 0 0 0 0 0 0 0 0 0 0 0 0 0 0 0 0 0 0 0 141 1 0 0 97 174 1 0 1 0 0 0 143 20 0 0 0 0 0 0 2 0 0 0 0 0 14 0 2 0 0 0 208 0 0 0 255 255 255 255 7 224 1 0 0 0 0 0 data 26 0x1e007 0xcf 0xd0 0x34fe 0xa0007 0x0 0xb0 0x34fe 0xf0005 0x0 0x19b7f2b0 0x348d 0x1d3e0610 0x71 0x120007 0x34fe 0x60 0x0 0x1c0002 0x0 0x230005 0x0 0x0 0x0 0x0 0x0 oops 2 10 java/util/LinkedHashMap 12 java/io/ExpiringCache$1
ciMethodData java/util/LinkedHashMap afterNodeAccess (Ljava/util/HashMap$Node;)V 2 5263 orig 264 88 29 17 109 0 0 0 0 200 81 251 21 0 0 0 0 104 2 0 0 200 0 0 0 0 0 0 0 0 0 0 0 0 0 0 0 0 0 0 0 0 0 0 0 0 0 0 0 0 0 0 0 0 0 0 0 0 0 0 0 0 0 0 0 0 0 0 0 0 0 0 0 0 0 0 0 0 0 0 0 77 68 79 32 101 120 116 114 97 32 100 97 116 97 32 108 111 99 107 0 0 0 0 0 0 0 0 0 0 0 0 0 0 0 0 0 0 0 0 0 0 0 0 0 0 0 0 0 0 0 0 0 0 0 0 0 0 0 0 0 0 0 0 0 0 0 0 0 0 0 0 0 0 0 0 0 0 0 0 0 0 0 0 0 0 0 0 0 0 0 0 0 0 0 0 0 0 0 0 0 0 0 0 0 17 0 0 0 0 0 0 0 0 0 0 0 0 0 0 0 1 0 0 0 0 0 0 0 0 0 0 0 0 0 0 0 99 0 0 0 97 161 0 0 1 0 0 0 0 0 0 0 0 0 0 0 2 0 0 0 0 0 17 0 2 0 0 0 24 1 0 0 255 255 255 255 7 0 4 0 0 0 0 0 data 35 0x40007 0x1427 0x118 0x5 0xe0007 0x0 0xf8 0x5 0x120004 0x0 0x1a076a50 0x5 0x0 0x0 0x290007 0x0 0x38 0x5 0x320003 0x5 0x18 0x3e0007 0x0 0x38 0x5 0x480003 0x5 0x18 0x4f0007 0x5 0x38 0x0 0x570003 0x0 0x18 oops 1 10 java/util/LinkedHashMap$Entry
ciMethodData java/util/ArrayList iterator ()Ljava/util/Iterator; 2 7074 orig 264 88 29 17 109 0 0 0 0 248 49 242 21 0 0 0 0 48 1 0 0 0 0 0 0 0 0 0 0 0 0 0 0 0 0 0 0 0 0 0 0 0 0 0 0 0 0 0 0 0 0 0 0 0 0 0 0 0 0 0 0 0 0 0 0 0 0 0 0 0 0 0 0 0 0 0 0 0 0 0 0 77 68 79 32 101 120 116 114 97 32 100 97 116 97 32 108 111 99 107 0 0 0 0 0 0 0 0 0 0 0 0 0 0 0 0 0 0 0 0 0 0 0 0 0 0 0 0 0 0 0 0 0 0 0 0 0 0 0 0 0 0 0 0 0 0 0 0 0 0 0 0 0 0 0 0 0 0 0 0 0 0 0 0 0 0 0 0 0 0 0 0 0 0 0 0 0 0 0 0 0 0 0 0 0 0 0 0 0 0 0 0 0 0 0 0 0 0 0 0 0 0 0 0 0 0 0 0 0 0 0 0 0 0 0 0 0 2 1 0 0 1 213 0 0 1 0 0 0 0 0 0 0 0 0 0 0 2 0 0 0 0 0 3 0 2 0 0 0 16 0 0 0 255 255 255 255 2 0 5 0 0 0 0 0 data 2 0x50002 0x1aa0 oops 0
ciMethodData java/util/ArrayList$Itr <init> (Ljava/util/ArrayList;)V 2 8449 orig 264 88 29 17 109 0 0 0 0 144 122 16 22 0 0 0 0 56 1 0 0 0 0 0 0 0 0 0 0 0 0 0 0 0 0 0 0 0 0 0 0 0 0 0 0 0 0 0 0 0 0 0 0 0 0 0 0 0 0 0 0 0 0 0 0 0 0 0 0 0 0 0 0 0 0 0 0 0 0 0 0 77 68 79 32 101 120 116 114 97 32 100 97 116 97 32 108 111 99 107 0 0 0 0 0 0 0 0 0 0 0 0 0 0 0 0 0 0 0 0 0 0 0 0 0 0 0 0 0 0 0 0 0 0 0 0 0 0 0 0 0 0 0 0 0 0 0 0 0 0 0 0 0 0 0 0 0 0 0 0 0 0 0 0 0 0 0 0 0 0 0 0 0 0 0 0 0 0 0 0 0 0 0 0 0 0 0 0 0 0 0 0 0 0 0 0 0 0 0 0 0 0 0 0 0 0 0 0 0 0 0 0 0 0 0 0 0 2 1 0 0 249 255 0 0 1 0 0 0 0 0 0 0 0 0 0 0 2 0 0 0 0 0 3 0 2 0 0 0 16 0 0 0 255 255 255 255 2 0 6 0 0 0 0 0 data 2 0x60002 0x1fff oops 0
ciMethod java/lang/reflect/InvocationHandler invoke (Ljava/lang/Object;Ljava/lang/reflect/Method;[Ljava/lang/Object;)Ljava/lang/Object; 0 0 1 0 -1
ciMethod java/lang/reflect/Proxy isProxyClass (Ljava/lang/Class;)Z 3137 1 6890 0 -1
ciMethod java/lang/reflect/Proxy getInvocationHandler (Ljava/lang/Object;)Ljava/lang/reflect/InvocationHandler; 17 1 2 0 -1
ciMethod java/lang/reflect/ParameterizedType getActualTypeArguments ()[Ljava/lang/reflect/Type; 0 0 1 0 -1
ciMethod java/lang/reflect/ParameterizedType getRawType ()Ljava/lang/reflect/Type; 0 0 1 0 -1
ciMethod org/gradle/internal/logging/events/OutputEventListener onOutput (Lorg/gradle/internal/logging/events/OutputEvent;)V 0 0 1 0 -1
ciMethod org/gradle/internal/dispatch/Dispatch dispatch (Ljava/lang/Object;)V 0 0 1 0 -1
ciMethod org/gradle/internal/event/ListenerBroadcast dispatch (Lorg/gradle/internal/dispatch/MethodInvocation;)V 3081 1 2749 0 0
ciMethod org/gradle/internal/event/ListenerBroadcast dispatch (Ljava/lang/Object;)V 3081 1 2749 0 0
ciMethod org/gradle/internal/event/AbstractBroadcastDispatch dispatch (Lorg/gradle/internal/dispatch/MethodInvocation;Ljava/util/Iterator;)V 2049 4377 3332 0 1632
ciMethod org/gradle/internal/event/ListenerNotificationException getEvent ()Lorg/gradle/internal/dispatch/MethodInvocation; 0 0 1 0 -1
ciMethod org/gradle/internal/exceptions/DefaultMultiCauseException getCauses ()Ljava/util/List; 0 0 1 0 -1
ciMethod org/gradle/internal/event/BroadcastDispatch$CompositeDispatch dispatch (Lorg/gradle/internal/dispatch/MethodInvocation;)V 2049 1 2727 0 0
ciMethod org/gradle/internal/event/BroadcastDispatch$CompositeDispatch dispatch (Ljava/lang/Object;)V 2049 1 2727 0 0
ciMethod org/gradle/internal/logging/sink/OutputEventTransformer onOutput (Lorg/gradle/internal/logging/events/OutputEvent;)V 2081 1 6021 0 -1
ciMethod org/gradle/internal/logging/events/ProgressStartEvent <init> (Lorg/gradle/internal/operations/OperationIdentifier;Lorg/gradle/internal/operations/OperationIdentifier;JLjava/lang/String;Ljava/lang/String;Ljava/lang/String;Ljava/lang/String;IZLorg/gradle/internal/operations/OperationIdentifier;Lorg/gradle/internal/operations/BuildOperationCategory;)V 3249 1 1884 0 -1
ciMethod org/gradle/internal/logging/events/ProgressStartEvent getParentProgressOperationId ()Lorg/gradle/internal/operations/OperationIdentifier; 1393 1 174 0 0
ciMethod org/gradle/internal/logging/events/ProgressStartEvent getLoggingHeader ()Ljava/lang/String; 1137 1 142 0 -1
ciMethod org/gradle/internal/logging/events/ProgressStartEvent getStatus ()Ljava/lang/String; 1057 1 132 0 -1
ciMethod org/gradle/internal/logging/events/ProgressStartEvent getProgressOperationId ()Lorg/gradle/internal/operations/OperationIdentifier; 1041 1 130 0 0
ciMethod org/gradle/internal/logging/events/ProgressStartEvent isBuildOperationStart ()Z 1065 1 133 0 0
ciMethod org/gradle/internal/logging/events/ProgressStartEvent getBuildOperationCategory ()Lorg/gradle/internal/operations/BuildOperationCategory; 1025 1 128 0 -1
ciMethod org/gradle/internal/logging/events/ProgressStartEvent withParentProgressOperation (Lorg/gradle/internal/operations/OperationIdentifier;)Lorg/gradle/internal/logging/events/ProgressStartEvent; 25 1 27 0 0
ciMethod org/gradle/internal/logging/events/CategorisedOutputEvent getTimestamp ()J 1153 1 464 0 -1
ciMethod org/gradle/internal/logging/events/CategorisedOutputEvent getCategory ()Ljava/lang/String; 1025 1 128 0 -1
ciMethod org/gradle/internal/logging/events/RenderableOutputEvent getBuildOperationId ()Lorg/gradle/internal/operations/OperationIdentifier; 1025 1 128 0 -1
ciMethod org/gradle/internal/logging/events/RenderableOutputEvent withBuildOperationId (Lorg/gradle/internal/operations/OperationIdentifier;)Lorg/gradle/internal/logging/events/RenderableOutputEvent; 0 0 1 0 -1
ciMethod org/gradle/internal/dispatch/ProxyDispatchAdapter$DispatchingInvocationHandler invoke (Ljava/lang/Object;Ljava/lang/reflect/Method;[Ljava/lang/Object;)Ljava/lang/Object; 3073 1 2965 0 0
ciMethod com/sun/proxy/$Proxy0 onOutput (Lorg/gradle/internal/logging/events/OutputEvent;)V 2057 1 2716 0 0
ciMethod org/gradle/util/GUtil isTrue (Ljava/lang/Object;)Z 825 1 6250 0 -1
ciMethod org/gradle/internal/logging/events/ProgressCompleteEvent getProgressOperationId ()Lorg/gradle/internal/operations/OperationIdentifier; 1073 1 134 0 -1
ciMethod org/gradle/internal/logging/events/ProgressEvent getProgressOperationId ()Lorg/gradle/internal/operations/OperationIdentifier; 1057 1 132 0 -1
ciMethod org/gradle/internal/dispatch/MethodInvocation <init> (Ljava/lang/reflect/Method;[Ljava/lang/Object;)V 2049 1 2954 0 0
ciMethod org/gradle/internal/operations/OperationIdentifier equals (Ljava/lang/Object;)Z 1609 1 201 0 0
ciMethod org/gradle/internal/operations/OperationIdentifier hashCode ()I 2049 1 6933 0 64
ciMethodData java/util/HashMap afterNodeAccess (Ljava/util/HashMap$Node;)V 2 1302 orig 264 88 29 17 109 0 0 0 0 144 209 243 21 0 0 0 0 40 1 0 0 0 0 0 0 0 0 0 0 0 0 0 0 0 0 0 0 0 0 0 0 0 0 0 0 0 0 0 0 0 0 0 0 0 0 0 0 0 0 0 0 0 0 0 0 0 0 0 0 0 0 0 0 0 0 0 0 0 0 0 0 77 68 79 32 101 120 116 114 97 32 100 97 116 97 32 108 111 99 107 0 0 0 0 0 0 0 0 0 0 0 0 0 0 0 0 0 0 0 0 0 0 0 0 0 0 0 0 0 0 0 0 0 0 0 0 0 0 0 0 0 0 0 0 0 0 0 0 0 0 0 0 0 0 0 0 0 0 0 0 0 0 0 0 0 0 0 0 0 0 0 0 0 0 0 0 0 0 0 0 0 0 0 0 0 0 0 0 0 0 0 0 0 0 0 0 0 0 0 0 0 0 0 0 0 0 0 0 0 0 0 0 0 0 0 0 0 2 1 0 0 161 32 0 0 1 0 0 0 0 0 0 0 0 0 0 0 2 0 0 0 0 0 3 0 1 0 0 0 0 0 0 0 255 255 255 255 0 0 0 0 0 0 0 0 data 0 oops 0
ciMethodData org/gradle/internal/operations/OperationIdentifier hashCode ()I 2 6933 orig 264 88 29 17 109 0 0 0 0 24 60 181 32 0 0 0 0 88 1 0 0 0 0 0 0 0 0 0 0 0 0 0 0 0 0 0 0 0 0 0 0 0 0 0 0 0 0 0 0 0 0 0 0 0 0 0 0 0 0 0 0 0 0 0 0 0 0 0 0 0 0 0 0 0 0 0 0 0 0 0 0 77 68 79 32 101 120 116 114 97 32 100 97 116 97 32 108 111 99 107 0 0 0 0 0 0 0 0 0 0 0 0 0 0 0 0 0 0 0 0 0 0 0 0 0 0 0 0 0 0 0 0 0 0 0 0 0 0 0 0 0 0 0 0 0 0 0 0 0 0 0 0 0 0 0 0 0 0 0 0 0 0 0 0 0 0 0 0 0 0 0 0 0 0 0 0 0 0 0 0 0 0 0 0 0 0 0 0 0 0 0 0 0 0 0 0 0 0 0 0 0 0 0 0 0 0 0 0 0 0 0 0 0 0 0 0 0 0 1 0 0 169 208 0 0 1 0 0 0 0 0 0 0 0 0 0 0 2 0 0 0 0 0 3 0 2 0 0 0 16 0 0 0 255 255 255 255 2 0 4 0 0 0 0 0 data 2 0x40002 0x1a15 oops 0
ciMethodData java/lang/Long hashCode (J)I 2 9766 orig 264 88 29 17 109 0 0 0 0 144 178 239 21 0 0 0 0 40 1 0 0 0 0 0 0 0 0 0 0 0 0 0 0 0 0 0 0 0 0 0 0 0 0 0 0 0 0 0 0 0 0 0 0 0 0 0 0 0 0 0 0 0 0 0 0 0 0 0 0 0 0 0 0 0 0 0 0 0 0 0 0 77 68 79 32 101 120 116 114 97 32 100 97 116 97 32 108 111 99 107 0 0 0 0 0 0 0 0 0 0 0 0 0 0 0 0 0 0 0 0 0 0 0 0 0 0 0 0 0 0 0 0 0 0 0 0 0 0 0 0 0 0 0 0 0 0 0 0 0 0 0 0 0 0 0 0 0 0 0 0 0 0 0 0 0 0 0 0 0 0 0 0 0 0 0 0 0 0 0 0 0 0 0 0 0 0 0 0 0 0 0 0 0 0 0 0 0 0 0 0 0 0 0 0 0 0 0 0 0 0 0 0 0 0 0 0 0 7 1 0 0 249 40 1 0 1 0 0 0 0 0 0 0 0 0 0 0 2 0 0 0 0 0 3 0 1 0 0 0 0 0 0 0 255 255 255 255 0 0 0 0 0 0 0 0 data 0 oops 0
ciMethodData org/gradle/internal/logging/sink/OutputEventTransformer onOutput (Lorg/gradle/internal/logging/events/OutputEvent;)V 2 6021 orig 264 88 29 17 109 0 0 0 0 64 240 42 22 0 0 0 0 72 13 0 0 184 8 0 0 0 0 0 0 0 0 0 0 0 0 0 0 0 0 0 0 0 0 0 0 0 0 0 0 0 0 0 0 0 0 0 0 0 0 0 0 0 0 0 0 0 0 0 0 0 0 0 0 0 0 0 0 0 0 0 0 77 68 79 32 101 120 116 114 97 32 100 97 116 97 32 108 111 99 107 0 0 0 0 0 0 0 0 0 0 0 0 0 0 0 0 0 0 0 0 0 0 0 0 0 0 0 0 0 0 0 0 0 0 0 0 0 0 0 0 0 0 0 0 0 1 0 0 0 0 0 0 0 0 0 0 0 0 0 0 0 0 0 0 0 4 0 0 0 0 0 0 0 0 0 0 0 0 0 0 0 0 0 0 0 0 0 0 0 0 0 0 0 0 0 0 0 0 0 0 0 0 0 0 0 0 0 0 0 0 0 0 0 0 0 0 0 4 1 0 0 9 180 0 0 1 0 0 0 0 0 0 0 0 0 0 0 2 0 0 0 0 0 50 0 2 0 0 0 248 11 0 0 255 255 255 255 4 0 1 0 0 0 0 0 data 383 0x10004 0xfffffffffffff07a 0x1ca4a830 0x6fb 0x1ca4a8e0 0x10 0x40007 0xf86 0x690 0x6fb 0x80004 0x0 0x1ca4a830 0x6fb 0x0 0x0 0xd0005 0x0 0x1ca4a830 0x6fb 0x0 0x0 0x100007 0x6e5 0x1b0 0x16 0x180005 0x0 0x1ca4a830 0x16 0x0 0x0 0x1b0005 0x0 0x1ca4a990 0x16 0x0 0x0 0x220005 0x0 0x1ca4a830 0x16 0x0 0x0 0x270007 0x0 0xd0 0x16 0x2f0005 0x0 0x1ca4aa40 0x16 0x0 0x0 0x340104 0x0 0x0 0x0 0x0 0x0 0x3b0007 0x16 0x50 0x0 0x410005 0x0 0x0 0x0 0x0 0x0 0x4a0005 0x0 0x1ca4aaf0 0x16 0x0 0x0 0x510005 0x0 0x1ca4a830 0x6e5 0x0 0x0 0x540007 0x0 0x130 0x6e5 0x580005 0x0 0x1ca4a830 0x6e5 0x0 0x0 0x5b0002 0x6e5 0x5e0007 0x42 0xd0 0x6a3 0x620005 0x0 0x1ca4a830 0x6a3 0x0 0x0 0x650002 0x6a3 0x680007 0x68 0x70 0x63b 0x6c0005 0x0 0x1ca4a830 0x63b 0x0 0x0 0x720007 0x63a 0x1c8 0x1 0x7a0005 0x0 0x1ca4a830 0xab 0x0 0x0 0x7d0005 0x0 0x1ca4a990 0xab 0x0 0x0 0x840005 0x0 0x1ca4a830 0xab 0x0 0x0 0x890007 0x0 0xd0 0xab 0x910005 0x0 0x1ca4aa40 0xab 0x0 0x0 0x960104 0x0 0x1ca4aba0 0x18 0x0 0x0 0x9d0007 0x93 0x50 0x18 0xa30005 0x0 0x1ca4a830 0x18 0x0 0x0 0xac0005 0x0 0x1ca4aaf0 0xab 0x0 0x0 0xb10003 0xab 0x158 0xb90005 0x0 0x1ca4a830 0x63a 0x0 0x0 0xbc0005 0x0 0x1ca4aa40 0x63a 0x0 0x0 0xc10104 0x0 0x1ca4aba0 0x5e1 0x0 0x0 0xc60007 0x5e1 0x50 0x59 0xca0005 0x0 0x1ca4a830 0x59 0x0 0x0 0xd30005 0x0 0x1ca4a830 0x63a 0x0 0x0 0xd70005 0x0 0x1ca4aa40 0x63a 0x0 0x0 0xdd0003 0x6e5 0x550 0xe10004 0xfffffffffffff774 0x1ca4a8e0 0x6fa 0x1ca4ac50 0x6 0xe40007 0x88c 0x1c8 0x6fa 0xe80004 0x0 0x1ca4a8e0 0x6fa 0x0 0x0 0xf10005 0x0 0x1ca4a8e0 0x6fa 0x0 0x0 0xf40005 0x0 0x1ca4aa40 0x6fa 0x0 0x0 0xf90104 0x0 0x1ca4aba0 0x641 0x0 0x0 0xfe0007 0x641 0xd0 0xb9 0x1060005 0x0 0x1ca4a8e0 0xb9 0x0 0x0 0x1090005 0x0 0x1ca4a990 0xb9 0x0 0x0 0x10e0007 0x0 0x50 0xb9 0x1160005 0x0 0x1ca4aaf0 0xb9 0x0 0x0 0x11b0003 0x6fa 0x358 0x11fc004 0xfffffffffffffff6 0x1ca4ad00 0x886 0x1ca4ac50 0xa 0x1220007 0xa 0x118 0x886 0x1260004 0x0 0x1ca4ad00 0x886 0x0 0x0 0x12f0005 0x0 0x1ca4ad00 0x886 0x0 0x0 0x1320005 0x0 0x1ca4a990 0x886 0x0 0x0 0x1370007 0x0 0x50 0x886 0x13f0005 0x0 0x1ca4aaf0 0x886 0x0 0x0 0x1440003 0x886 0x210 0x1480004 0x0 0x1ca4ac50 0xa 0x0 0x0 0x14b0007 0x0 0x198 0xa 0x14f0004 0x0 0x1ca4ac50 0xa 0x0 0x0 0x1540005 0x0 0x1ca4ac50 0xa 0x0 0x0 0x1590007 0x0 0xd0 0xa 0x1610005 0x0 0x1ca4aa40 0xa 0x0 0x0 0x1660004 0x0 0x1ca4aba0 0xa 0x0 0x0 0x16d0007 0x0 0x50 0xa 0x1730005 0x0 0x1ca4ac50 0xa 0x0 0x0 0x17c0005 0x0 0x1ca4aaf0 0xa 0x0 0x0 0x1810003 0xa 0x48 0x1890005 0x0 0x0 0x0 0x0 0x0 oops 48 2 org/gradle/internal/logging/events/ProgressStartEvent 4 org/gradle/internal/logging/events/ProgressCompleteEvent 12 org/gradle/internal/logging/events/ProgressStartEvent 18 org/gradle/internal/logging/events/ProgressStartEvent 28 org/gradle/internal/logging/events/ProgressStartEvent 34 java/util/HashSet 40 org/gradle/internal/logging/events/ProgressStartEvent 50 java/util/HashMap 72 com/sun/proxy/$Proxy0 78 org/gradle/internal/logging/events/ProgressStartEvent 88 org/gradle/internal/logging/events/ProgressStartEvent 100 org/gradle/internal/logging/events/ProgressStartEvent 112 org/gradle/internal/logging/events/ProgressStartEvent 122 org/gradle/internal/logging/events/ProgressStartEvent